<?xml version="1.0" encoding="utf-8"?>
<TestRun id="08ba12a5-dbd2-46ec-83f1-3e1378a85b5f" name="Adonis@DESKTOP-O84VSVP 2026-08-29 15:18:20" runUser="DESKTOP-O84VSVP\Adonis" xmlns="http://microsoft.com/schemas/VisualStudio/TeamTest/2010">
  <Times creation="2026-08-29T15:18:20.7097529+07:00" queuing="2026-08-29T15:18:20.7097535+07:00" start="2026-08-29T15:18:15.6175242+07:00" finish="2026-08-29T15:18:25.7873298+07:00" />
  <TestSettings name="default" id="68f4bb20-d3a7-429e-abad-6d3e57c62522">
    <Deployment runDeploymentRoot="Adonis_DESKTOP-O84VSVP_2026-08-29_15_18_20" />
  </TestSettings>
  <Results>
    <UnitTestResult executionId="7ee7d686-96b4-41ea-960c-fde06e397dd1" testId="7f500e55-291d-e346-12eb-228049af50e0" testName="Blocks.SystemService.Tests.Security.FunctionalAuthorizationServiceTests.CheckAsync_denies_inactive_or_deleted_user_role_or_menu(inactiveUser: False, deletedUser: False, inactiveRole: False, deletedRole: False, inactiveMenu: False, deletedMenu: True)" computerName="DESKTOP-O84VSVP" duration="00:00:00.0034329" startTime="2026-08-29T15:18:25.0499679+07:00" endTime="2026-08-29T15:18:25.0531817+07:00" testType="13cdc9d9-ddb5-4fa4-a97d-d965ccfc6d4b" outcome="Passed" testListId="8c84fa94-04c1-424b-9868-57a2d4851a1d" relativeResultsDirectory="7ee7d686-96b4-41ea-960c-fde06e397dd1" />
    <UnitTestResult executionId="b231f279-e1c0-4263-b111-dbd960c04cc6" testId="b0d1aeb3-f14f-764f-4e59-2921434fef21" testName="Blocks.SystemService.Tests.Auth.RegistrationAdminServiceTests.Settings_reject_domain_permission_without_resource_safety_gate" computerName="DESKTOP-O84VSVP" duration="00:00:00.0058565" startTime="2026-08-29T15:18:25.0246693+07:00" endTime="2026-08-29T15:18:25.0302490+07:00" testType="13cdc9d9-ddb5-4fa4-a97d-d965ccfc6d4b" outcome="Passed" testListId="8c84fa94-04c1-424b-9868-57a2d4851a1d" relativeResultsDirectory="b231f279-e1c0-4263-b111-dbd960c04cc6" />
    <UnitTestResult executionId="9f0cc5e3-06b4-4e96-9d4f-0278bef9ce52" testId="523ffd90-2e7b-4711-d8d5-1357578c889b" testName="Blocks.SystemService.Tests.Auth.RegistrationServiceTests.Open_registration_creates_user_personal_workspace_membership_and_audit" computerName="DESKTOP-O84VSVP" duration="00:00:00.3768590" startTime="2026-08-29T15:18:24.8907098+07:00" endTime="2026-08-29T15:18:25.2684176+07:00" testType="13cdc9d9-ddb5-4fa4-a97d-d965ccfc6d4b" outcome="Passed" testListId="8c84fa94-04c1-424b-9868-57a2d4851a1d" relativeResultsDirectory="9f0cc5e3-06b4-4e96-9d4f-0278bef9ce52" />
    <UnitTestResult executionId="14fc99ca-d6c6-40f7-8cb0-7f9f0190f021" testId="7298812e-d229-f81b-c97d-d4d851ff2db5" testName="Blocks.SystemService.Tests.Auth.BootstrapServiceTests.Bootstrap_endpoint_is_anonymous_rate_limited_and_has_expected_route" computerName="DESKTOP-O84VSVP" duration="00:00:00.0008945" startTime="2026-08-29T15:18:25.3632863+07:00" endTime="2026-08-29T15:18:25.3639072+07:00" testType="13cdc9d9-ddb5-4fa4-a97d-d965ccfc6d4b" outcome="Passed" testListId="8c84fa94-04c1-424b-9868-57a2d4851a1d" relativeResultsDirectory="14fc99ca-d6c6-40f7-8cb0-7f9f0190f021" />
    <UnitTestResult executionId="07e9d83d-43ca-41d4-870e-1294d227f94b" testId="22232f5f-2d83-948f-b724-5f8e59c72aa7" testName="Blocks.SystemService.Tests.Security.FunctionalAuthorizationServiceTests.CheckAsync_denies_inactive_or_deleted_user_role_or_menu(inactiveUser: False, deletedUser: False, inactiveRole: False, deletedRole: False, inactiveMenu: True, deletedMenu: False)" computerName="DESKTOP-O84VSVP" duration="00:00:00.0042504" startTime="2026-08-29T15:18:25.0455655+07:00" endTime="2026-08-29T15:18:25.0496210+07:00" testType="13cdc9d9-ddb5-4fa4-a97d-d965ccfc6d4b" outcome="Passed" testListId="8c84fa94-04c1-424b-9868-57a2d4851a1d" relativeResultsDirectory="07e9d83d-43ca-41d4-870e-1294d227f94b" />
    <UnitTestResult executionId="dc89a01b-3030-4edc-973b-a16908ad7f7b" testId="4e285814-1c1e-2262-244a-c1fb3c232d5d" testName="Blocks.SystemService.Tests.Data.AuthorizationNavigationMigrationTests.Navigation_backfill_exposes_system_overview_and_admin_permissions" computerName="DESKTOP-O84VSVP" duration="00:00:00.7526414" startTime="2026-08-29T15:18:19.9619310+07:00" endTime="2026-08-29T15:18:20.6792691+07:00" testType="13cdc9d9-ddb5-4fa4-a97d-d965ccfc6d4b" outcome="Passed" testListId="8c84fa94-04c1-424b-9868-57a2d4851a1d" relativeResultsDirectory="dc89a01b-3030-4edc-973b-a16908ad7f7b" />
    <UnitTestResult executionId="faf56e97-5f08-46af-bab3-9ddba1f6e836" testId="2456b1ec-7bdf-eb58-5517-9f67b194508d" testName="Blocks.SystemService.Tests.Security.PermissionFilterTests.OnAuthorizationAsync_keeps_none_as_authentication_only" computerName="DESKTOP-O84VSVP" duration="00:00:00.0019876" startTime="2026-08-29T15:18:22.4566654+07:00" endTime="2026-08-29T15:18:22.4584540+07:00" testType="13cdc9d9-ddb5-4fa4-a97d-d965ccfc6d4b" outcome="Passed" testListId="8c84fa94-04c1-424b-9868-57a2d4851a1d" relativeResultsDirectory="faf56e97-5f08-46af-bab3-9ddba1f6e836" />
    <UnitTestResult executionId="54a7481e-5d12-4b98-93b0-81059905c8dd" testId="e0884c5d-33fc-1d8c-3ca6-658768eb62c2" testName="Blocks.SystemService.Tests.Auth.BootstrapServiceTests.Bootstrap_invalid_secret_keeps_404_when_audit_writer_fails" computerName="DESKTOP-O84VSVP" duration="00:00:00.0031427" startTime="2026-08-29T15:18:25.2563532+07:00" endTime="2026-08-29T15:18:25.2598465+07:00" testType="13cdc9d9-ddb5-4fa4-a97d-d965ccfc6d4b" outcome="Passed" testListId="8c84fa94-04c1-424b-9868-57a2d4851a1d" relativeResultsDirectory="54a7481e-5d12-4b98-93b0-81059905c8dd" />
    <UnitTestResult executionId="544587c5-8b6f-45a2-b025-2d1da2a10da5" testId="bee13b73-99a2-ce54-caa2-c94e355111f7" testName="Blocks.SystemService.Tests.Security.PermissionFilterTests.AuthorizationController_rejects_unknown_action" computerName="DESKTOP-O84VSVP" duration="00:00:00.0068255" startTime="2026-08-29T15:18:22.4270620+07:00" endTime="2026-08-29T15:18:22.4323329+07:00" testType="13cdc9d9-ddb5-4fa4-a97d-d965ccfc6d4b" outcome="Passed" testListId="8c84fa94-04c1-424b-9868-57a2d4851a1d" relativeResultsDirectory="544587c5-8b6f-45a2-b025-2d1da2a10da5" />
    <UnitTestResult executionId="0c11a1c8-df50-494d-bab3-fe3c5f393b63" testId="0a64777d-5a3e-da9d-71e0-d921ae75fdb0" testName="Blocks.SystemService.Tests.Security.PermissionFilterTests.SystemGroup_navigation_metadata_requires_authentication_only" computerName="DESKTOP-O84VSVP" duration="00:00:00.0003081" startTime="2026-08-29T15:18:22.4763256+07:00" endTime="2026-08-29T15:18:22.4765380+07:00" testType="13cdc9d9-ddb5-4fa4-a97d-d965ccfc6d4b" outcome="Passed" testListId="8c84fa94-04c1-424b-9868-57a2d4851a1d" relativeResultsDirectory="0c11a1c8-df50-494d-bab3-fe3c5f393b63" />
    <UnitTestResult executionId="46ec4d4f-6aee-4763-a102-acfebd631bbe" testId="edf6b2db-9cac-5148-53e1-6f35734d66cb" testName="Blocks.SystemService.Tests.Grpc.SystemProtoContractTests.UserSummary_keeps_lookup_projection_fields" computerName="DESKTOP-O84VSVP" duration="00:00:01.0963661" startTime="2026-08-29T15:18:19.9649113+07:00" endTime="2026-08-29T15:18:21.0132889+07:00" testType="13cdc9d9-ddb5-4fa4-a97d-d965ccfc6d4b" outcome="Passed" testListId="8c84fa94-04c1-424b-9868-57a2d4851a1d" relativeResultsDirectory="46ec4d4f-6aee-4763-a102-acfebd631bbe" />
    <UnitTestResult executionId="28b339a1-f273-46ba-8572-3d5f64fd19dc" testId="dc16f563-939c-bb0f-619b-993cb933f943" testName="Blocks.SystemService.Tests.Data.SystemMigrationContractTests.Transaction_runner_rolls_back_and_rethrows_operation_failure" computerName="DESKTOP-O84VSVP" duration="00:00:00.0065675" startTime="2026-08-29T15:18:21.0127422+07:00" endTime="2026-08-29T15:18:21.0208665+07:00" testType="13cdc9d9-ddb5-4fa4-a97d-d965ccfc6d4b" outcome="Passed" testListId="8c84fa94-04c1-424b-9868-57a2d4851a1d" relativeResultsDirectory="28b339a1-f273-46ba-8572-3d5f64fd19dc" />
    <UnitTestResult executionId="1295a37e-2528-4aef-bee8-655b10a433c2" testId="6c234888-719f-3c20-2e4e-6f4510e3e251" testName="Blocks.SystemService.Tests.Admin.AuthorizationAdministrationTests.Roles_with_admin_permissions_cannot_be_registration_eligible" computerName="DESKTOP-O84VSVP" duration="00:00:00.0163844" startTime="2026-08-29T15:18:25.0371095+07:00" endTime="2026-08-29T15:18:25.0526224+07:00" testType="13cdc9d9-ddb5-4fa4-a97d-d965ccfc6d4b" outcome="Passed" testListId="8c84fa94-04c1-424b-9868-57a2d4851a1d" relativeResultsDirectory="1295a37e-2528-4aef-bee8-655b10a433c2" />
    <UnitTestResult executionId="1bbd2798-a561-4c23-a654-a23230b93fe7" testId="0f906fb2-5b4c-8667-73b9-9e51394d80d4" testName="Blocks.SystemService.Tests.Security.PermissionFilterTests.AuthorizationController_model_binding_filter_returns_bad_request_for_unknown_action_string" computerName="DESKTOP-O84VSVP" duration="00:00:00.0088185" startTime="2026-08-29T15:18:22.4591971+07:00" endTime="2026-08-29T15:18:22.4673360+07:00" testType="13cdc9d9-ddb5-4fa4-a97d-d965ccfc6d4b" outcome="Passed" testListId="8c84fa94-04c1-424b-9868-57a2d4851a1d" relativeResultsDirectory="1bbd2798-a561-4c23-a654-a23230b93fe7" />
    <UnitTestResult executionId="bdfe1e53-a4b3-45b8-8877-39be1b6dfa2c" testId="f1aeb9d2-7676-95d2-37e4-d1df02e342b6" testName="Blocks.SystemService.Tests.Admin.AuthorizationAdministrationTests.PermissionRequestValidator_requires_menu_id" computerName="DESKTOP-O84VSVP" duration="00:00:00.0050327" startTime="2026-08-29T15:18:22.1999140+07:00" endTime="2026-08-29T15:18:22.2047386+07:00" testType="13cdc9d9-ddb5-4fa4-a97d-d965ccfc6d4b" outcome="Passed" testListId="8c84fa94-04c1-424b-9868-57a2d4851a1d" relativeResultsDirectory="bdfe1e53-a4b3-45b8-8877-39be1b6dfa2c" />
    <UnitTestResult executionId="7546e3ea-5ab5-4709-b050-c06a60d0b37a" testId="e079f189-3007-ec8b-3802-555a92b74c1d" testName="Blocks.SystemService.Tests.Auth.BootstrapServiceTests.Bootstrap_secret_comparison_requires_equal_utf8_bytes" computerName="DESKTOP-O84VSVP" duration="00:00:00.0001684" startTime="2026-08-29T15:18:25.3645736+07:00" endTime="2026-08-29T15:18:25.3647026+07:00" testType="13cdc9d9-ddb5-4fa4-a97d-d965ccfc6d4b" outcome="Passed" testListId="8c84fa94-04c1-424b-9868-57a2d4851a1d" relativeResultsDirectory="7546e3ea-5ab5-4709-b050-c06a60d0b37a" />
    <UnitTestResult executionId="408426c7-f1dc-400b-9e3e-e90c615ef868" testId="dff06b09-7ca1-95ec-6091-939ee880fcf5" testName="Blocks.SystemService.Tests.Auth.BootstrapServiceTests.Rejected_bootstrap_audit_allows_null_user_and_contains_no_secret_fields" computerName="DESKTOP-O84VSVP" duration="00:00:00.0021284" startTime="2026-08-29T15:18:25.3172407+07:00" endTime="2026-08-29T15:18:25.3193564+07:00" testType="13cdc9d9-ddb5-4fa4-a97d-d965ccfc6d4b" outcome="Passed" testListId="8c84fa94-04c1-424b-9868-57a2d4851a1d" relativeResultsDirectory="408426c7-f1dc-400b-9e3e-e90c615ef868" />
    <UnitTestResult executionId="0035ad6e-ac34-4404-a188-c2d05364121e" testId="b577aa31-f7f3-88c4-c4fa-036f14ef4584" testName="Blocks.SystemService.Tests.Auth.RegistrationEndpointTests.Registration_mode_availability_is_explicit(mode: &quot;admin_provisioned&quot;, expected: False)" computerName="DESKTOP-O84VSVP" duration="00:00:00.0000183" startTime="2026-08-29T15:18:21.0196136+07:00" endTime="2026-08-29T15:18:21.0197179+07:00" testType="13cdc9d9-ddb5-4fa4-a97d-d965ccfc6d4b" outcome="Passed" testListId="8c84fa94-04c1-424b-9868-57a2d4851a1d" relativeResultsDirectory="0035ad6e-ac34-4404-a188-c2d05364121e" />
    <UnitTestResult executionId="1cc52bf1-3889-4c65-b583-4ac9aab756b4" testId="ceb46a4c-1a36-9a66-9df0-fdfbebfb22c2" testName="Blocks.SystemService.Tests.Security.PermissionFilterTests.OnAuthorizationAsync_returns_401_when_user_id_claim_is_not_guid" computerName="DESKTOP-O84VSVP" duration="00:00:00.0023819" startTime="2026-08-29T15:18:22.4730315+07:00" endTime="2026-08-29T15:18:22.4749915+07:00" testType="13cdc9d9-ddb5-4fa4-a97d-d965ccfc6d4b" outcome="Passed" testListId="8c84fa94-04c1-424b-9868-57a2d4851a1d" relativeResultsDirectory="1cc52bf1-3889-4c65-b583-4ac9aab756b4" />
    <UnitTestResult executionId="9c3889eb-1f6b-4a55-bc0c-b3e693393a4f" testId="acedab9c-5b04-c465-c5da-019311f56178" testName="Blocks.SystemService.Tests.Security.PermissionFilterTests.AuthorizationController_returns_denied_result_when_grant_is_missing" computerName="DESKTOP-O84VSVP" duration="00:00:00.0026732" startTime="2026-08-29T15:18:22.4375791+07:00" endTime="2026-08-29T15:18:22.4392669+07:00" testType="13cdc9d9-ddb5-4fa4-a97d-d965ccfc6d4b" outcome="Passed" testListId="8c84fa94-04c1-424b-9868-57a2d4851a1d" relativeResultsDirectory="9c3889eb-1f6b-4a55-bc0c-b3e693393a4f" />
    <UnitTestResult executionId="d2cc89f6-0d8b-4450-b6ee-212065cec5d5" testId="18b3ff98-894b-48e6-5a46-713e0c10a433" testName="Blocks.SystemService.Tests.Auth.RegistrationAdminServiceTests.Invitations_reject_role_with_admin_permission" computerName="DESKTOP-O84VSVP" duration="00:00:00.0049375" startTime="2026-08-29T15:18:25.1472092+07:00" endTime="2026-08-29T15:18:25.1506205+07:00" testType="13cdc9d9-ddb5-4fa4-a97d-d965ccfc6d4b" outcome="Passed" testListId="8c84fa94-04c1-424b-9868-57a2d4851a1d" relativeResultsDirectory="d2cc89f6-0d8b-4450-b6ee-212065cec5d5" />
    <UnitTestResult executionId="e4c55dd4-5e5f-483c-84be-c226290be9cf" testId="6043a6bb-a54a-fc5f-fa7e-dca98c2db4a4" testName="Blocks.SystemService.Tests.Data.CommunityAuthorizationSchemaTests.User_model_does_not_describe_plain_column_indexes_for_lower_expression_indexes" computerName="DESKTOP-O84VSVP" duration="00:00:00.0687092" startTime="2026-08-29T15:18:24.4645254+07:00" endTime="2026-08-29T15:18:24.5328872+07:00" testType="13cdc9d9-ddb5-4fa4-a97d-d965ccfc6d4b" outcome="Passed" testListId="8c84fa94-04c1-424b-9868-57a2d4851a1d" relativeResultsDirectory="e4c55dd4-5e5f-483c-84be-c226290be9cf" />
    <UnitTestResult executionId="e6c98547-2dff-49c4-a28c-b9ae58bec92c" testId="9009a922-8426-9c9a-a3a9-b63877dcab1e" testName="Blocks.SystemService.Tests.Admin.AuthorizationAdministrationTests.Privileged_roles_cannot_be_registration_eligible" computerName="DESKTOP-O84VSVP" duration="00:00:02.7276988" startTime="2026-08-29T15:18:22.2051261+07:00" endTime="2026-08-29T15:18:24.9326061+07:00" testType="13cdc9d9-ddb5-4fa4-a97d-d965ccfc6d4b" outcome="Passed" testListId="8c84fa94-04c1-424b-9868-57a2d4851a1d" relativeResultsDirectory="e6c98547-2dff-49c4-a28c-b9ae58bec92c" />
    <UnitTestResult executionId="bf2ba708-57ee-4f8a-95bc-49eba6207630" testId="47cc4d1c-53ce-44b2-fac9-954441efd1b0" testName="Blocks.SystemService.Tests.Auth.RegistrationServiceTests.Duplicate_username_or_email_is_rejected(username: &quot;new-user&quot;, email: &quot;existing@example.test&quot;)" computerName="DESKTOP-O84VSVP" duration="00:00:00.0035846" startTime="2026-08-29T15:18:25.2988475+07:00" endTime="2026-08-29T15:18:25.3023272+07:00" testType="13cdc9d9-ddb5-4fa4-a97d-d965ccfc6d4b" outcome="Passed" testListId="8c84fa94-04c1-424b-9868-57a2d4851a1d" relativeResultsDirectory="bf2ba708-57ee-4f8a-95bc-49eba6207630" />
    <UnitTestResult executionId="159ff4bd-a3cf-453b-b091-e0b8daf0cf35" testId="d4e81838-e21e-10c1-ef81-28472020aa33" testName="Blocks.SystemService.Tests.Auth.RegistrationAdminServiceTests.Valid_invitation_returns_plaintext_once_and_stores_sha256_hash" computerName="DESKTOP-O84VSVP" duration="00:00:00.1294223" startTime="2026-08-29T15:18:25.1538904+07:00" endTime="2026-08-29T15:18:25.2831211+07:00" testType="13cdc9d9-ddb5-4fa4-a97d-d965ccfc6d4b" outcome="Passed" testListId="8c84fa94-04c1-424b-9868-57a2d4851a1d" relativeResultsDirectory="159ff4bd-a3cf-453b-b091-e0b8daf0cf35" />
    <UnitTestResult executionId="c3b3abb5-e2fa-4822-bbe7-24c47084fe94" testId="78333349-4499-c3f8-eb5f-d9c1afbbabd0" testName="Blocks.SystemService.Tests.Auth.RegistrationServiceTests.Invalid_default_role_blocks_registration_without_partial_user" computerName="DESKTOP-O84VSVP" duration="00:00:04.9741983" startTime="2026-08-29T15:18:19.9621522+07:00" endTime="2026-08-29T15:18:24.8902541+07:00" testType="13cdc9d9-ddb5-4fa4-a97d-d965ccfc6d4b" outcome="Passed" testListId="8c84fa94-04c1-424b-9868-57a2d4851a1d" relativeResultsDirectory="c3b3abb5-e2fa-4822-bbe7-24c47084fe94" />
    <UnitTestResult executionId="f791b9cd-b0f7-4027-9c4e-a5df5e475cbe" testId="5f884cc4-7100-0190-8d06-660ae43d61c3" testName="Blocks.SystemService.Tests.Admin.AuthorizationAdministrationTests.Authorization_service_failure_is_forbidden" computerName="DESKTOP-O84VSVP" duration="00:00:00.0017087" startTime="2026-08-29T15:18:25.2003636+07:00" endTime="2026-08-29T15:18:25.2016401+07:00" testType="13cdc9d9-ddb5-4fa4-a97d-d965ccfc6d4b" outcome="Passed" testListId="8c84fa94-04c1-424b-9868-57a2d4851a1d" relativeResultsDirectory="f791b9cd-b0f7-4027-9c4e-a5df5e475cbe" />
    <UnitTestResult executionId="751e8d03-a2c1-4420-a3f2-70e2c40dc968" testId="dbb3d65f-f831-5b77-16ba-caf963af3157" testName="Blocks.SystemService.Tests.Admin.AuthorizationAdministrationTests.Legacy_protected_role_keys_cannot_be_deleted" computerName="DESKTOP-O84VSVP" duration="00:00:00.0078626" startTime="2026-08-29T15:18:25.2047020+07:00" endTime="2026-08-29T15:18:25.2113801+07:00" testType="13cdc9d9-ddb5-4fa4-a97d-d965ccfc6d4b" outcome="Passed" testListId="8c84fa94-04c1-424b-9868-57a2d4851a1d" relativeResultsDirectory="751e8d03-a2c1-4420-a3f2-70e2c40dc968" />
    <UnitTestResult executionId="2a5c1fe8-d163-4613-9403-d5b6a5f02c9a" testId="4616f411-99ab-3729-9788-4628b3282515" testName="Blocks.SystemService.Tests.Auth.BootstrapServiceTests.Bootstrap_advisory_lock_contract_is_distinct_from_migration_lock" computerName="DESKTOP-O84VSVP" duration="00:00:00.0305659" startTime="2026-08-29T15:18:25.2225778+07:00" endTime="2026-08-29T15:18:25.2528140+07:00" testType="13cdc9d9-ddb5-4fa4-a97d-d965ccfc6d4b" outcome="Passed" testListId="8c84fa94-04c1-424b-9868-57a2d4851a1d" relativeResultsDirectory="2a5c1fe8-d163-4613-9403-d5b6a5f02c9a" />
    <UnitTestResult executionId="addcbe9e-520f-430e-9c9e-6a8bd7e67c75" testId="388722f8-6a0e-3878-cf31-5fa7a5d7e6ee" testName="Blocks.SystemService.Tests.Security.PermissionFilterTests.AuthorizationController_returns_401_for_invalid_identity_claim" computerName="DESKTOP-O84VSVP" duration="00:00:00.0022268" startTime="2026-08-29T15:18:22.4327872+07:00" endTime="2026-08-29T15:18:22.4346127+07:00" testType="13cdc9d9-ddb5-4fa4-a97d-d965ccfc6d4b" outcome="Passed" testListId="8c84fa94-04c1-424b-9868-57a2d4851a1d" relativeResultsDirectory="addcbe9e-520f-430e-9c9e-6a8bd7e67c75" />
    <UnitTestResult executionId="8ead038d-89c1-44c6-9f05-9394f2a6d416" testId="a2f89412-d4da-2a31-f6c7-2baad1fcdad4" testName="Blocks.SystemService.Tests.Security.PermissionFilterTests.AuthorizationController_returns_503_when_authority_fails" computerName="DESKTOP-O84VSVP" duration="00:00:00.0029964" startTime="2026-08-29T15:18:22.4534724+07:00" endTime="2026-08-29T15:18:22.4562089+07:00" testType="13cdc9d9-ddb5-4fa4-a97d-d965ccfc6d4b" outcome="Passed" testListId="8c84fa94-04c1-424b-9868-57a2d4851a1d" relativeResultsDirectory="8ead038d-89c1-44c6-9f05-9394f2a6d416" />
    <UnitTestResult executionId="47fd0897-d5e6-4438-8ab6-121d0e113d81" testId="d6b18aae-51c7-c8a2-78aa-07b277d1b5d5" testName="Blocks.SystemService.Tests.Security.JwtTokenServiceTests.GenerateRefreshToken_sets_ip_and_expiry" computerName="DESKTOP-O84VSVP" duration="00:00:00.0032707" startTime="2026-08-29T15:18:23.2597271+07:00" endTime="2026-08-29T15:18:23.2625631+07:00" testType="13cdc9d9-ddb5-4fa4-a97d-d965ccfc6d4b" outcome="Passed" testListId="8c84fa94-04c1-424b-9868-57a2d4851a1d" relativeResultsDirectory="47fd0897-d5e6-4438-8ab6-121d0e113d81" />
    <UnitTestResult executionId="75c6d5a4-bcd6-4d1d-b1a1-cd1360ab7469" testId="bdff2846-d3da-179f-bdc6-7ccc66eda317" testName="Blocks.SystemService.Tests.Security.PermissionFilterTests.OnAuthorizationAsync_denies_role_permission_query_for_another_user" computerName="DESKTOP-O84VSVP" duration="00:00:02.5080629" startTime="2026-08-29T15:18:19.9624367+07:00" endTime="2026-08-29T15:18:22.4244523+07:00" testType="13cdc9d9-ddb5-4fa4-a97d-d965ccfc6d4b" outcome="Passed" testListId="8c84fa94-04c1-424b-9868-57a2d4851a1d" relativeResultsDirectory="75c6d5a4-bcd6-4d1d-b1a1-cd1360ab7469" />
    <UnitTestResult executionId="50dea5b8-b6a0-42a3-b50b-6d3acd087f2d" testId="749ad659-7ccc-bf16-c7ac-6c357c691d4e" testName="Blocks.SystemService.Tests.Data.CommunityAuthorizationSchemaTests.Migration_contract_adds_safe_authorization_schema_idempotently" computerName="DESKTOP-O84VSVP" duration="00:00:00.0029854" startTime="2026-08-29T15:18:20.6654492+07:00" endTime="2026-08-29T15:18:20.6665391+07:00" testType="13cdc9d9-ddb5-4fa4-a97d-d965ccfc6d4b" outcome="Passed" testListId="8c84fa94-04c1-424b-9868-57a2d4851a1d" relativeResultsDirectory="50dea5b8-b6a0-42a3-b50b-6d3acd087f2d" />
    <UnitTestResult executionId="5e46e882-8345-4b8d-9d87-ca51d9d92667" testId="8a59f8e3-e49d-57f5-a143-def24db35057" testName="Blocks.SystemService.Tests.Auth.AuthResponseContractTests.LoginResponse_does_not_expose_password_fields" computerName="DESKTOP-O84VSVP" duration="00:00:00.3559319" startTime="2026-08-29T15:18:19.9625022+07:00" endTime="2026-08-29T15:18:20.2797866+07:00" testType="13cdc9d9-ddb5-4fa4-a97d-d965ccfc6d4b" outcome="Passed" testListId="8c84fa94-04c1-424b-9868-57a2d4851a1d" relativeResultsDirectory="5e46e882-8345-4b8d-9d87-ca51d9d92667" />
    <UnitTestResult executionId="ed8f38f8-cb8d-4c95-9954-cc68be0c3128" testId="5155caad-0671-e6c2-aa52-6d040a914edb" testName="Blocks.SystemService.Tests.Auth.RegistrationAdminServiceTests.Settings_reject_administrator_role_even_when_registration_eligible" computerName="DESKTOP-O84VSVP" duration="00:00:00.0028796" startTime="2026-08-29T15:18:25.1509041+07:00" endTime="2026-08-29T15:18:25.1535936+07:00" testType="13cdc9d9-ddb5-4fa4-a97d-d965ccfc6d4b" outcome="Passed" testListId="8c84fa94-04c1-424b-9868-57a2d4851a1d" relativeResultsDirectory="ed8f38f8-cb8d-4c95-9954-cc68be0c3128" />
    <UnitTestResult executionId="cfb6ff86-0bb5-4ade-974c-2fd4b8d6f672" testId="088a8fc4-a727-488c-ceed-66c8defb8316" testName="Blocks.SystemService.Tests.Security.DefaultMemberPermissionTests.Resource_migration_seeds_only_workspace_home_for_member" computerName="DESKTOP-O84VSVP" duration="00:00:00.0024527" startTime="2026-08-29T15:18:21.0172904+07:00" endTime="2026-08-29T15:18:21.0181983+07:00" testType="13cdc9d9-ddb5-4fa4-a97d-d965ccfc6d4b" outcome="Passed" testListId="8c84fa94-04c1-424b-9868-57a2d4851a1d" relativeResultsDirectory="cfb6ff86-0bb5-4ade-974c-2fd4b8d6f672" />
    <UnitTestResult executionId="442d552d-9d7d-4212-8d7e-a49130b45248" testId="07fbe0c4-4eac-73a1-a5dc-d0a4b90145ca" testName="Blocks.SystemService.Tests.Auth.RegistrationEndpointTests.Registration_admin_settings_are_read_from_authenticated_settings_route" computerName="DESKTOP-O84VSVP" duration="00:00:00.0067655" startTime="2026-08-29T15:18:21.8677492+07:00" endTime="2026-08-29T15:18:21.8740777+07:00" testType="13cdc9d9-ddb5-4fa4-a97d-d965ccfc6d4b" outcome="Passed" testListId="8c84fa94-04c1-424b-9868-57a2d4851a1d" relativeResultsDirectory="442d552d-9d7d-4212-8d7e-a49130b45248" />
    <UnitTestResult executionId="e4dcd20e-4493-435c-9c41-76d07d0ca01d" testId="7aa22a6d-6738-5ffc-6088-015f3a1e26fd" testName="Blocks.SystemService.Tests.Admin.AuthorizationAdministrationTests.Administration_endpoints_use_stable_permission_keys" computerName="DESKTOP-O84VSVP" duration="00:00:00.3403450" startTime="2026-08-29T15:18:20.6840142+07:00" endTime="2026-08-29T15:18:21.0176298+07:00" testType="13cdc9d9-ddb5-4fa4-a97d-d965ccfc6d4b" outcome="Passed" testListId="8c84fa94-04c1-424b-9868-57a2d4851a1d" relativeResultsDirectory="e4dcd20e-4493-435c-9c41-76d07d0ca01d" />
    <UnitTestResult executionId="7ce05ceb-c9d0-4d2e-8fa6-8b884a630c8a" testId="d0177a47-e6b9-16ee-1542-d59cca93d8c5" testName="Blocks.SystemService.Tests.Auth.RegistrationServiceTests.Failed_invitation_consume_rolls_back_user_and_workspace_rows" computerName="DESKTOP-O84VSVP" duration="00:00:00.0420527" startTime="2026-08-29T15:18:25.3911468+07:00" endTime="2026-08-29T15:18:25.4334661+07:00" testType="13cdc9d9-ddb5-4fa4-a97d-d965ccfc6d4b" outcome="Passed" testListId="8c84fa94-04c1-424b-9868-57a2d4851a1d" relativeResultsDirectory="7ce05ceb-c9d0-4d2e-8fa6-8b884a630c8a" />
    <UnitTestResult executionId="01facbb8-73c1-4620-9a53-05a79a34b0bd" testId="376f8b6b-2afd-f7b7-4767-4ec92b3fcc32" testName="Blocks.SystemService.Tests.Data.SystemMigrationContractTests.Migration_sql_contract_uses_required_journal_and_lock" computerName="DESKTOP-O84VSVP" duration="00:00:01.0954517" startTime="2026-08-29T15:18:19.9625688+07:00" endTime="2026-08-29T15:18:21.0111014+07:00" testType="13cdc9d9-ddb5-4fa4-a97d-d965ccfc6d4b" outcome="Passed" testListId="8c84fa94-04c1-424b-9868-57a2d4851a1d" relativeResultsDirectory="01facbb8-73c1-4620-9a53-05a79a34b0bd" />
    <UnitTestResult executionId="e63f8b15-a871-4be9-8ec7-84a5fefa01ff" testId="b86e53f0-b00a-a586-7fbb-e22dc6d3faa4" testName="Blocks.SystemService.Tests.Auth.BootstrapServiceTests.Bootstrap_is_unavailable_after_successful_initialization" computerName="DESKTOP-O84VSVP" duration="00:00:05.3064441" startTime="2026-08-29T15:18:19.9581623+07:00" endTime="2026-08-29T15:18:25.2221672+07:00" testType="13cdc9d9-ddb5-4fa4-a97d-d965ccfc6d4b" outcome="Passed" testListId="8c84fa94-04c1-424b-9868-57a2d4851a1d" relativeResultsDirectory="e63f8b15-a871-4be9-8ec7-84a5fefa01ff" />
    <UnitTestResult executionId="558fca8d-2bd7-46cc-b1ac-3d3ce8d13f2d" testId="e50c6f24-ba1a-8347-0bfb-1db34dea6f3f" testName="Blocks.SystemService.Tests.Auth.RegistrationEndpointTests.Registration_mode_availability_is_explicit(mode: &quot;unknown&quot;, expected: False)" computerName="DESKTOP-O84VSVP" duration="00:00:00.0000108" startTime="2026-08-29T15:18:21.0199266+07:00" endTime="2026-08-29T15:18:21.0203759+07:00" testType="13cdc9d9-ddb5-4fa4-a97d-d965ccfc6d4b" outcome="Passed" testListId="8c84fa94-04c1-424b-9868-57a2d4851a1d" relativeResultsDirectory="558fca8d-2bd7-46cc-b1ac-3d3ce8d13f2d" />
    <UnitTestResult executionId="1fc7877f-8222-40da-be9c-ded59ec5c92c" testId="0f06ab7e-d9a5-cb79-87f1-b3a390f10ff4" testName="Blocks.SystemService.Tests.Admin.AuthorizationAdministrationTests.Protected_role_keys_reject_whitespace_and_persist_canonical_case" computerName="DESKTOP-O84VSVP" duration="00:00:00.0393825" startTime="2026-08-29T15:18:25.0530461+07:00" endTime="2026-08-29T15:18:25.0921374+07:00" testType="13cdc9d9-ddb5-4fa4-a97d-d965ccfc6d4b" outcome="Passed" testListId="8c84fa94-04c1-424b-9868-57a2d4851a1d" relativeResultsDirectory="1fc7877f-8222-40da-be9c-ded59ec5c92c" />
    <UnitTestResult executionId="24efedfb-c0e7-440f-9282-b8285dc6e4dc" testId="44614781-b931-3c0f-9f9f-d7734090ed4f" testName="Blocks.SystemService.Tests.Security.JwtTokenServiceTests.GenerateJwtToken_creates_token_with_user_claims" computerName="DESKTOP-O84VSVP" duration="00:00:03.3429861" startTime="2026-08-29T15:18:19.9623666+07:00" endTime="2026-08-29T15:18:23.2591672+07:00" testType="13cdc9d9-ddb5-4fa4-a97d-d965ccfc6d4b" outcome="Passed" testListId="8c84fa94-04c1-424b-9868-57a2d4851a1d" relativeResultsDirectory="24efedfb-c0e7-440f-9282-b8285dc6e4dc" />
    <UnitTestResult executionId="0803f9af-7e63-4c66-8d9e-cfabd3e720a0" testId="b30c7ffa-e164-c1e7-46c8-4160defc7a21" testName="Blocks.SystemService.Tests.Admin.AuthorizationAdministrationTests.User_combobox_requires_authentication" computerName="DESKTOP-O84VSVP" duration="00:00:00.0006185" startTime="2026-08-29T15:18:25.0932598+07:00" endTime="2026-08-29T15:18:25.0934062+07:00" testType="13cdc9d9-ddb5-4fa4-a97d-d965ccfc6d4b" outcome="Passed" testListId="8c84fa94-04c1-424b-9868-57a2d4851a1d" relativeResultsDirectory="0803f9af-7e63-4c66-8d9e-cfabd3e720a0" />
    <UnitTestResult executionId="d3d54236-aabc-4649-9755-2b8e3e926469" testId="640c41b1-3fff-ea07-0363-501996f73f91" testName="Blocks.SystemService.Tests.Admin.AuthorizationAdministrationTests.User_specific_queries_allow_self_and_require_matching_admin_permission_for_other_subject" computerName="DESKTOP-O84VSVP" duration="00:00:00.0069295" startTime="2026-08-29T15:18:25.0937362+07:00" endTime="2026-08-29T15:18:25.0999087+07:00" testType="13cdc9d9-ddb5-4fa4-a97d-d965ccfc6d4b" outcome="Passed" testListId="8c84fa94-04c1-424b-9868-57a2d4851a1d" relativeResultsDirectory="d3d54236-aabc-4649-9755-2b8e3e926469" />
    <UnitTestResult executionId="6072d340-60bf-4b44-987d-fe9c07b00df5" testId="256dff88-9e60-983e-ac28-58ec2edd8259" testName="Blocks.SystemService.Tests.Auth.RegistrationAdminServiceTests.Settings_reject_privileged_registration_role(key: &quot;admin.registration&quot;)" computerName="DESKTOP-O84VSVP" duration="00:00:00.0089329" startTime="2026-08-29T15:18:24.7979776+07:00" endTime="2026-08-29T15:18:24.8066897+07:00" testType="13cdc9d9-ddb5-4fa4-a97d-d965ccfc6d4b" outcome="Passed" testListId="8c84fa94-04c1-424b-9868-57a2d4851a1d" relativeResultsDirectory="6072d340-60bf-4b44-987d-fe9c07b00df5" />
    <UnitTestResult executionId="aff62dd2-4573-4fc7-a3dd-48afdecc577a" testId="6d188a2a-a2dd-1f53-87bb-1b4e1087ec5e" testName="Blocks.SystemService.Tests.Admin.AuthorizationAdministrationTests.RoleRequestValidator_requires_stable_key" computerName="DESKTOP-O84VSVP" duration="00:00:00.0040350" startTime="2026-08-29T15:18:25.2118142+07:00" endTime="2026-08-29T15:18:25.2152466+07:00" testType="13cdc9d9-ddb5-4fa4-a97d-d965ccfc6d4b" outcome="Passed" testListId="8c84fa94-04c1-424b-9868-57a2d4851a1d" relativeResultsDirectory="aff62dd2-4573-4fc7-a3dd-48afdecc577a" />
    <UnitTestResult executionId="0b4c46e0-9ec0-4a6b-ae76-730b96f6294c" testId="4aa7d378-6138-c043-22af-e172baad1636" testName="Blocks.SystemService.Tests.Security.PermissionFilterTests.OnAuthorizationAsync_denies_none_action_for_another_user_query_id" computerName="DESKTOP-O84VSVP" duration="00:00:00.0010125" startTime="2026-08-29T15:18:22.4752483+07:00" endTime="2026-08-29T15:18:22.4761132+07:00" testType="13cdc9d9-ddb5-4fa4-a97d-d965ccfc6d4b" outcome="Passed" testListId="8c84fa94-04c1-424b-9868-57a2d4851a1d" relativeResultsDirectory="0b4c46e0-9ec0-4a6b-ae76-730b96f6294c" />
    <UnitTestResult executionId="e8a3b993-f1f4-446f-8605-e045ab6a0efb" testId="291ca24a-6da6-75eb-6c8c-2f4ed7dcbcbe" testName="Blocks.SystemService.Tests.Auth.AuthResponseContractTests.ModelAuthenticatedUser_from_model_user_omits_password_fields" computerName="DESKTOP-O84VSVP" duration="00:00:00.7300666" startTime="2026-08-29T15:18:20.3058459+07:00" endTime="2026-08-29T15:18:21.0129421+07:00" testType="13cdc9d9-ddb5-4fa4-a97d-d965ccfc6d4b" outcome="Passed" testListId="8c84fa94-04c1-424b-9868-57a2d4851a1d" relativeResultsDirectory="e8a3b993-f1f4-446f-8605-e045ab6a0efb" />
    <UnitTestResult executionId="f9c107f3-bf03-4f9c-b54f-0d7ad82b73a8" testId="004bdf0c-4822-8739-9f60-3ab75df609c5" testName="Blocks.SystemService.Tests.Auth.RegistrationServiceTests.Invite_only_registration_rejects_missing_expired_and_consumed_invitations" computerName="DESKTOP-O84VSVP" duration="00:00:00.0883353" startTime="2026-08-29T15:18:25.3027157+07:00" endTime="2026-08-29T15:18:25.3907617+07:00" testType="13cdc9d9-ddb5-4fa4-a97d-d965ccfc6d4b" outcome="Passed" testListId="8c84fa94-04c1-424b-9868-57a2d4851a1d" relativeResultsDirectory="f9c107f3-bf03-4f9c-b54f-0d7ad82b73a8" />
    <UnitTestResult executionId="33f7f41b-0ffa-4b4c-84bb-6318dbd0aec0" testId="4a68c9fa-e9f6-eeda-4232-9f805b4df7bb" testName="Blocks.SystemService.Tests.Admin.AuthorizationAdministrationTests.Unsupported_actions_and_duplicate_permission_rows_are_rejected" computerName="DESKTOP-O84VSVP" duration="00:00:00.0140089" startTime="2026-08-29T15:18:25.1861054+07:00" endTime="2026-08-29T15:18:25.1998948+07:00" testType="13cdc9d9-ddb5-4fa4-a97d-d965ccfc6d4b" outcome="Passed" testListId="8c84fa94-04c1-424b-9868-57a2d4851a1d" relativeResultsDirectory="33f7f41b-0ffa-4b4c-84bb-6318dbd0aec0" />
    <UnitTestResult executionId="a6644b41-e522-47cb-b4c2-3e7c6ef90be2" testId="b7ff0e76-0758-835b-3a6d-3bf325e6e8c8" testName="Blocks.SystemService.Tests.Security.FunctionalAuthorizationServiceTests.CheckAsync_uses_any_grant_when_duplicate_rows_exist" computerName="DESKTOP-O84VSVP" duration="00:00:00.0058570" startTime="2026-08-29T15:18:25.0767025+07:00" endTime="2026-08-29T15:18:25.0823311+07:00" testType="13cdc9d9-ddb5-4fa4-a97d-d965ccfc6d4b" outcome="Passed" testListId="8c84fa94-04c1-424b-9868-57a2d4851a1d" relativeResultsDirectory="a6644b41-e522-47cb-b4c2-3e7c6ef90be2" />
    <UnitTestResult executionId="19b6d0af-8da1-4d4d-98ae-3192d9f69e0b" testId="9a7dc082-b7dc-69d4-21da-e8d9321b4e49" testName="Blocks.SystemService.Tests.Auth.BootstrapServiceTests.Bootstrap_invokes_advisory_lock_before_checks" computerName="DESKTOP-O84VSVP" duration="00:00:00.0031266" startTime="2026-08-29T15:18:25.2531720+07:00" endTime="2026-08-29T15:18:25.2560387+07:00" testType="13cdc9d9-ddb5-4fa4-a97d-d965ccfc6d4b" outcome="Passed" testListId="8c84fa94-04c1-424b-9868-57a2d4851a1d" relativeResultsDirectory="19b6d0af-8da1-4d4d-98ae-3192d9f69e0b" />
    <UnitTestResult executionId="b66e608d-64a7-4608-8397-bed90ec0e1a3" testId="b123f8f9-2cea-e0e6-3ebb-f2e6adc7f660" testName="Blocks.SystemService.Tests.Admin.AdminResponseContractTests.UserListDto_DoesNotInheritSensitiveUserModel" computerName="DESKTOP-O84VSVP" duration="00:00:00.0002313" startTime="2026-08-29T15:18:21.3370763+07:00" endTime="2026-08-29T15:18:21.3372402+07:00" testType="13cdc9d9-ddb5-4fa4-a97d-d965ccfc6d4b" outcome="Passed" testListId="8c84fa94-04c1-424b-9868-57a2d4851a1d" relativeResultsDirectory="b66e608d-64a7-4608-8397-bed90ec0e1a3" />
    <UnitTestResult executionId="16a4ca8f-1e4c-4b3d-b8d9-4617acb05c45" testId="e61daaa1-5ef0-e551-270b-c4b4139216ba" testName="Blocks.SystemService.Tests.Auth.RegistrationAdminServiceTests.Invitations_reject_missing_or_inactive_target_workspace" computerName="DESKTOP-O84VSVP" duration="00:00:00.1152002" startTime="2026-08-29T15:18:25.0305201+07:00" endTime="2026-08-29T15:18:25.1455672+07:00" testType="13cdc9d9-ddb5-4fa4-a97d-d965ccfc6d4b" outcome="Passed" testListId="8c84fa94-04c1-424b-9868-57a2d4851a1d" relativeResultsDirectory="16a4ca8f-1e4c-4b3d-b8d9-4617acb05c45" />
    <UnitTestResult executionId="4b985734-336a-4d0c-9717-989e6fae92c5" testId="e23a98fd-0a3c-fccc-5873-44b66b8936fc" testName="Blocks.SystemService.Tests.Auth.RegistrationAdminServiceTests.Settings_reject_privileged_registration_role(key: &quot;administrator&quot;)" computerName="DESKTOP-O84VSVP" duration="00:00:00.0015567" startTime="2026-08-29T15:18:24.8070301+07:00" endTime="2026-08-29T15:18:24.8083326+07:00" testType="13cdc9d9-ddb5-4fa4-a97d-d965ccfc6d4b" outcome="Passed" testListId="8c84fa94-04c1-424b-9868-57a2d4851a1d" relativeResultsDirectory="4b985734-336a-4d0c-9717-989e6fae92c5" />
    <UnitTestResult executionId="4d26f7fd-2c74-4bcc-ad2a-dcc56a0812e9" testId="246833da-0f0e-2476-70ff-b01e099fce19" testName="Blocks.SystemService.Tests.Security.FunctionalAuthorizationServiceTests.CheckAsync_denies_missing_permission_key" computerName="DESKTOP-O84VSVP" duration="00:00:00.0053511" startTime="2026-08-29T15:18:25.0723451+07:00" endTime="2026-08-29T15:18:25.0763248+07:00" testType="13cdc9d9-ddb5-4fa4-a97d-d965ccfc6d4b" outcome="Passed" testListId="8c84fa94-04c1-424b-9868-57a2d4851a1d" relativeResultsDirectory="4d26f7fd-2c74-4bcc-ad2a-dcc56a0812e9" />
    <UnitTestResult executionId="b62809a2-b56b-4743-bec0-122eb9e38f3c" testId="759b488c-f4d4-c052-3f4d-2903773e27ca" testName="Blocks.SystemService.Tests.Audit.AuditInterceptorTests.ScopedSystemContextRegistration_AddsAuditLogForAuthenticatedEntityUpdate" computerName="DESKTOP-O84VSVP" duration="00:00:00.0498537" startTime="2026-08-29T15:18:25.0235786+07:00" endTime="2026-08-29T15:18:25.0731033+07:00" testType="13cdc9d9-ddb5-4fa4-a97d-d965ccfc6d4b" outcome="Passed" testListId="8c84fa94-04c1-424b-9868-57a2d4851a1d" relativeResultsDirectory="b62809a2-b56b-4743-bec0-122eb9e38f3c" />
    <UnitTestResult executionId="06bbb560-63dd-4c90-902e-1e818947b880" testId="587c3ee2-f391-1cb4-1b6c-4bd281ee4d20" testName="Blocks.SystemService.Tests.Auth.RegistrationAdminServiceTests.Settings_allow_member_role_with_ungranted_admin_permission_rows" computerName="DESKTOP-O84VSVP" duration="00:00:00.2158358" startTime="2026-08-29T15:18:24.8086915+07:00" endTime="2026-08-29T15:18:25.0242727+07:00" testType="13cdc9d9-ddb5-4fa4-a97d-d965ccfc6d4b" outcome="Passed" testListId="8c84fa94-04c1-424b-9868-57a2d4851a1d" relativeResultsDirectory="06bbb560-63dd-4c90-902e-1e818947b880" />
    <UnitTestResult executionId="86054cf3-cd49-4a3c-82d2-11742a23471e" testId="f7d87b02-7c89-0009-242b-f1c81bc5d764" testName="Blocks.SystemService.Tests.Security.PermissionFilterTests.UserController_combobox_does_not_allow_anonymous_access" computerName="DESKTOP-O84VSVP" duration="00:00:00.0006633" startTime="2026-08-29T15:18:22.4709324+07:00" endTime="2026-08-29T15:18:22.4714076+07:00" testType="13cdc9d9-ddb5-4fa4-a97d-d965ccfc6d4b" outcome="Passed" testListId="8c84fa94-04c1-424b-9868-57a2d4851a1d" relativeResultsDirectory="86054cf3-cd49-4a3c-82d2-11742a23471e" />
    <UnitTestResult executionId="eaaa8702-bf89-4cb7-8e2d-bde77bb3e623" testId="35509626-0e22-d255-d5a6-41d6e6ef150b" testName="Blocks.SystemService.Tests.Auth.RegistrationEndpointTests.Registration_mode_availability_is_explicit(mode: &quot;invite_only&quot;, expected: True)" computerName="DESKTOP-O84VSVP" duration="00:00:00.0010996" startTime="2026-08-29T15:18:21.0190089+07:00" endTime="2026-08-29T15:18:21.0194187+07:00" testType="13cdc9d9-ddb5-4fa4-a97d-d965ccfc6d4b" outcome="Passed" testListId="8c84fa94-04c1-424b-9868-57a2d4851a1d" relativeResultsDirectory="eaaa8702-bf89-4cb7-8e2d-bde77bb3e623" />
    <UnitTestResult executionId="fbbd9406-1306-4bfb-ae50-5f3573f0940a" testId="fffc45f8-a795-f7ab-b76e-a2093f5617ce" testName="Blocks.SystemService.Tests.Admin.AuthorizationAdministrationTests.Protected_roles_cannot_be_deleted_or_have_key_changed" computerName="DESKTOP-O84VSVP" duration="00:00:00.0212408" startTime="2026-08-29T15:18:24.9347799+07:00" endTime="2026-08-29T15:18:24.9544072+07:00" testType="13cdc9d9-ddb5-4fa4-a97d-d965ccfc6d4b" outcome="Passed" testListId="8c84fa94-04c1-424b-9868-57a2d4851a1d" relativeResultsDirectory="fbbd9406-1306-4bfb-ae50-5f3573f0940a" />
    <UnitTestResult executionId="bc1c03ab-7385-436a-8467-b2d7170b0bd9" testId="7ca86361-f226-e30f-1d22-a0f52568dd56" testName="Blocks.SystemService.Tests.Data.CommunityAuthorizationSchemaTests.System_model_maps_stable_keys_and_community_constraints" computerName="DESKTOP-O84VSVP" duration="00:00:03.7972405" startTime="2026-08-29T15:18:20.6790914+07:00" endTime="2026-08-29T15:18:24.4641248+07:00" testType="13cdc9d9-ddb5-4fa4-a97d-d965ccfc6d4b" outcome="Passed" testListId="8c84fa94-04c1-424b-9868-57a2d4851a1d" relativeResultsDirectory="bc1c03ab-7385-436a-8467-b2d7170b0bd9" />
    <UnitTestResult executionId="56598142-c38b-48f4-b28f-195478de928a" testId="9f74d062-e540-4312-d797-b265c9110d5d" testName="Blocks.SystemService.Tests.Admin.AuthorizationAdministrationTests.Empty_permission_id_replays_existing_role_menu_row" computerName="DESKTOP-O84VSVP" duration="00:00:00.0503684" startTime="2026-08-29T15:18:25.1354055+07:00" endTime="2026-08-29T15:18:25.1856451+07:00" testType="13cdc9d9-ddb5-4fa4-a97d-d965ccfc6d4b" outcome="Passed" testListId="8c84fa94-04c1-424b-9868-57a2d4851a1d" relativeResultsDirectory="56598142-c38b-48f4-b28f-195478de928a" />
    <UnitTestResult executionId="e8265889-59d5-4a26-8342-d2d20e696b28" testId="04a6050f-9a81-fa71-809f-b0be7c694ae7" testName="Blocks.SystemService.Tests.Auth.RegistrationEndpointTests.Public_registration_request_contains_no_role_or_workspace_assignment_fields_and_disallows_unknown_json" computerName="DESKTOP-O84VSVP" duration="00:00:00.0035470" startTime="2026-08-29T15:18:21.8745318+07:00" endTime="2026-08-29T15:18:21.8777430+07:00" testType="13cdc9d9-ddb5-4fa4-a97d-d965ccfc6d4b" outcome="Passed" testListId="8c84fa94-04c1-424b-9868-57a2d4851a1d" relativeResultsDirectory="e8265889-59d5-4a26-8342-d2d20e696b28" />
    <UnitTestResult executionId="0547c3f6-5b35-4048-97ae-ea410a6b5434" testId="3fc85d5d-2f9c-699b-0fce-f396b9075cf4" testName="Blocks.SystemService.Tests.Data.SystemMigrationContractTests.Migration_resources_are_embedded_and_ordered" computerName="DESKTOP-O84VSVP" duration="00:00:00.0024424" startTime="2026-08-29T15:18:22.4153900+07:00" endTime="2026-08-29T15:18:22.4174661+07:00" testType="13cdc9d9-ddb5-4fa4-a97d-d965ccfc6d4b" outcome="Passed" testListId="8c84fa94-04c1-424b-9868-57a2d4851a1d" relativeResultsDirectory="0547c3f6-5b35-4048-97ae-ea410a6b5434" />
    <UnitTestResult executionId="73153d7d-f97b-4a40-b58b-d22f3c596090" testId="bf1b940d-33db-3413-3b7b-f24eb33408ca" testName="Blocks.SystemService.Tests.Security.FunctionalAuthorizationServiceTests.CheckAsync_denies_inactive_or_deleted_user_role_or_menu(inactiveUser: False, deletedUser: False, inactiveRole: False, deletedRole: True, inactiveMenu: False, deletedMenu: False)" computerName="DESKTOP-O84VSVP" duration="00:00:00.0043765" startTime="2026-08-29T15:18:25.0418295+07:00" endTime="2026-08-29T15:18:25.0452274+07:00" testType="13cdc9d9-ddb5-4fa4-a97d-d965ccfc6d4b" outcome="Passed" testListId="8c84fa94-04c1-424b-9868-57a2d4851a1d" relativeResultsDirectory="73153d7d-f97b-4a40-b58b-d22f3c596090" />
    <UnitTestResult executionId="eb8f2e7e-ae4b-483a-86a3-2873a36fa92d" testId="822bf076-a5bd-b95b-d911-4fbe3572f95d" testName="Blocks.SystemService.Tests.Auth.RegistrationAdminServiceTests.Settings_reject_privileged_registration_role(key: &quot;operator&quot;)" computerName="DESKTOP-O84VSVP" duration="00:00:04.8820941" startTime="2026-08-29T15:18:19.9648410+07:00" endTime="2026-08-29T15:18:24.7977219+07:00" testType="13cdc9d9-ddb5-4fa4-a97d-d965ccfc6d4b" outcome="Passed" testListId="8c84fa94-04c1-424b-9868-57a2d4851a1d" relativeResultsDirectory="eb8f2e7e-ae4b-483a-86a3-2873a36fa92d" />
    <UnitTestResult executionId="5cd54ab8-fa35-4eb3-ad78-fb9abed02078" testId="46eec9be-fc71-22c3-5b84-9ca58b1ddba9" testName="Blocks.SystemService.Tests.Auth.BootstrapServiceTests.Bootstrap_invalid_secret_passes_null_user_id_to_audit_writer" computerName="DESKTOP-O84VSVP" duration="00:00:00.0027724" startTime="2026-08-29T15:18:25.3650104+07:00" endTime="2026-08-29T15:18:25.3674368+07:00" testType="13cdc9d9-ddb5-4fa4-a97d-d965ccfc6d4b" outcome="Passed" testListId="8c84fa94-04c1-424b-9868-57a2d4851a1d" relativeResultsDirectory="5cd54ab8-fa35-4eb3-ad78-fb9abed02078" />
    <UnitTestResult executionId="a83bccba-47d8-424f-ac39-b0853ae89940" testId="41342efc-f8c9-dc4f-2ad8-4e4983338567" testName="Blocks.SystemService.Tests.Auth.BootstrapServiceTests.Bootstrap_migration_makes_audit_user_nullable" computerName="DESKTOP-O84VSVP" duration="00:00:00.0006150" startTime="2026-08-29T15:18:25.3595570+07:00" endTime="2026-08-29T15:18:25.3597121+07:00" testType="13cdc9d9-ddb5-4fa4-a97d-d965ccfc6d4b" outcome="Passed" testListId="8c84fa94-04c1-424b-9868-57a2d4851a1d" relativeResultsDirectory="a83bccba-47d8-424f-ac39-b0853ae89940" />
    <UnitTestResult executionId="95fa3bf7-a4b7-477a-8357-103e239a4261" testId="374249f7-2483-3ee0-9ae5-ede3eb8e71b8" testName="Blocks.SystemService.Tests.Auth.BootstrapServiceTests.Bootstrap_creates_administrator_workspace_membership_and_audit" computerName="DESKTOP-O84VSVP" duration="00:00:00.0378394" startTime="2026-08-29T15:18:25.3197263+07:00" endTime="2026-08-29T15:18:25.3573659+07:00" testType="13cdc9d9-ddb5-4fa4-a97d-d965ccfc6d4b" outcome="Passed" testListId="8c84fa94-04c1-424b-9868-57a2d4851a1d" relativeResultsDirectory="95fa3bf7-a4b7-477a-8357-103e239a4261" />
    <UnitTestResult executionId="d9f602f9-052a-402b-b8cc-b1f7943ebd80" testId="9f30dedd-6812-bdea-0dc2-e51acf2885c8" testName="Blocks.SystemService.Tests.Security.PermissionFilterTests.AuthorizationController_requires_jwt_authorization" computerName="DESKTOP-O84VSVP" duration="00:00:00.0008057" startTime="2026-08-29T15:18:22.4370285+07:00" endTime="2026-08-29T15:18:22.4372176+07:00" testType="13cdc9d9-ddb5-4fa4-a97d-d965ccfc6d4b" outcome="Passed" testListId="8c84fa94-04c1-424b-9868-57a2d4851a1d" relativeResultsDirectory="d9f602f9-052a-402b-b8cc-b1f7943ebd80" />
    <UnitTestResult executionId="f967fc81-4360-4b0a-ba7b-0a3084d8a63f" testId="0091586c-6e71-0627-d6db-5524e3aaa0d4" testName="Blocks.SystemService.Tests.Security.FunctionalAuthorizationServiceTests.CheckAsync_falls_back_to_controller_when_permission_key_is_missing" computerName="DESKTOP-O84VSVP" duration="00:00:00.0929049" startTime="2026-08-29T15:18:25.1530023+07:00" endTime="2026-08-29T15:18:25.2459758+07:00" testType="13cdc9d9-ddb5-4fa4-a97d-d965ccfc6d4b" outcome="Passed" testListId="8c84fa94-04c1-424b-9868-57a2d4851a1d" relativeResultsDirectory="f967fc81-4360-4b0a-ba7b-0a3084d8a63f" />
    <UnitTestResult executionId="29ac8c1e-4316-43b1-b070-4a937c8c24df" testId="7535447e-1684-52f8-a536-569b07de1b7a" testName="Blocks.SystemService.Tests.Security.FunctionalAuthorizationServiceTests.CheckAsync_denies_missing_grant" computerName="DESKTOP-O84VSVP" duration="00:00:00.0044463" startTime="2026-08-29T15:18:25.2515951+07:00" endTime="2026-08-29T15:18:25.2555350+07:00" testType="13cdc9d9-ddb5-4fa4-a97d-d965ccfc6d4b" outcome="Passed" testListId="8c84fa94-04c1-424b-9868-57a2d4851a1d" relativeResultsDirectory="29ac8c1e-4316-43b1-b070-4a937c8c24df" />
    <UnitTestResult executionId="9bb7f960-9f71-4b19-a3b0-d2a7406e260f" testId="3c8e3519-743f-ce9c-a875-06e8ea167175" testName="Blocks.SystemService.Tests.Auth.AuthServiceRefreshTokenTests.RefreshTokenAsync_throws_business_exception_when_token_does_not_exist" computerName="DESKTOP-O84VSVP" duration="00:00:04.8814835" startTime="2026-08-29T15:18:19.9622267+07:00" endTime="2026-08-29T15:18:24.7973516+07:00" testType="13cdc9d9-ddb5-4fa4-a97d-d965ccfc6d4b" outcome="Passed" testListId="8c84fa94-04c1-424b-9868-57a2d4851a1d" relativeResultsDirectory="9bb7f960-9f71-4b19-a3b0-d2a7406e260f" />
    <UnitTestResult executionId="1356daf6-e2a7-4c84-9b51-7c877138cad4" testId="50f42388-b275-2918-3d17-2d62b9575bec" testName="Blocks.SystemService.Tests.Admin.AuthorizationAdministrationTests.MenuRequestValidator_requires_permission_key" computerName="DESKTOP-O84VSVP" duration="00:00:01.1868612" startTime="2026-08-29T15:18:21.0179826+07:00" endTime="2026-08-29T15:18:22.1995718+07:00" testType="13cdc9d9-ddb5-4fa4-a97d-d965ccfc6d4b" outcome="Passed" testListId="8c84fa94-04c1-424b-9868-57a2d4851a1d" relativeResultsDirectory="1356daf6-e2a7-4c84-9b51-7c877138cad4" />
    <UnitTestResult executionId="7ab2dfda-293c-458f-b6a7-f4deb8b4bf0d" testId="88af0597-43a3-0210-5d31-b7e460024e88" testName="Blocks.SystemService.Tests.Security.FunctionalAuthorizationServiceTests.CheckAsync_denies_inactive_or_deleted_user_role_or_menu(inactiveUser: False, deletedUser: True, inactiveRole: False, deletedRole: False, inactiveMenu: False, deletedMenu: False)" computerName="DESKTOP-O84VSVP" duration="00:00:00.0176103" startTime="2026-08-29T15:18:25.0534275+07:00" endTime="2026-08-29T15:18:25.0718991+07:00" testType="13cdc9d9-ddb5-4fa4-a97d-d965ccfc6d4b" outcome="Passed" testListId="8c84fa94-04c1-424b-9868-57a2d4851a1d" relativeResultsDirectory="7ab2dfda-293c-458f-b6a7-f4deb8b4bf0d" />
    <UnitTestResult executionId="69dc2f43-122b-426a-ab6e-eb123b732cdc" testId="3910d5bc-cbd3-1a12-4913-001dc19f3a32" testName="Blocks.SystemService.Tests.Admin.AdminResponseContractTests.UserListDto_DoesNotExposePasswordProperties" computerName="DESKTOP-O84VSVP" duration="00:00:00.0008198" startTime="2026-08-29T15:18:21.3376681+07:00" endTime="2026-08-29T15:18:21.3377987+07:00" testType="13cdc9d9-ddb5-4fa4-a97d-d965ccfc6d4b" outcome="Passed" testListId="8c84fa94-04c1-424b-9868-57a2d4851a1d" relativeResultsDirectory="69dc2f43-122b-426a-ab6e-eb123b732cdc" />
    <UnitTestResult executionId="c1941ab2-ae5f-4812-9353-8d6cec44bc36" testId="ecf423bd-87bc-6783-9af8-1a665b2af0ed" testName="Blocks.SystemService.Tests.Auth.RegistrationEndpointTests.Registration_rate_policy_metadata_has_required_defaults" computerName="DESKTOP-O84VSVP" duration="00:00:01.0955870" startTime="2026-08-29T15:18:19.9626351+07:00" endTime="2026-08-29T15:18:21.0122766+07:00" testType="13cdc9d9-ddb5-4fa4-a97d-d965ccfc6d4b" outcome="Passed" testListId="8c84fa94-04c1-424b-9868-57a2d4851a1d" relativeResultsDirectory="c1941ab2-ae5f-4812-9353-8d6cec44bc36" />
    <UnitTestResult executionId="91cd7140-8621-4c5f-af64-7bcd8bd243d3" testId="00938afd-e872-dd3a-45f7-a49c44b1617e" testName="Blocks.SystemService.Tests.Audit.AuditInterceptorTests.SavingChangesAsync_AddsAuditLogForAuthenticatedEntityUpdate" computerName="DESKTOP-O84VSVP" duration="00:00:05.1072190" startTime="2026-08-29T15:18:19.9627015+07:00" endTime="2026-08-29T15:18:25.0231370+07:00" testType="13cdc9d9-ddb5-4fa4-a97d-d965ccfc6d4b" outcome="Passed" testListId="8c84fa94-04c1-424b-9868-57a2d4851a1d" relativeResultsDirectory="91cd7140-8621-4c5f-af64-7bcd8bd243d3" />
    <UnitTestResult executionId="0fcaa522-1673-4180-a65f-e42b85a78e56" testId="6917581a-32ea-b0c8-6bbc-2acc8f07795b" testName="Blocks.SystemService.Tests.Security.PermissionFilterTests.OnAuthorizationAsync_checks_permission_for_none_action_when_key_is_present" computerName="DESKTOP-O84VSVP" duration="00:00:00.0031317" startTime="2026-08-29T15:18:22.4677806+07:00" endTime="2026-08-29T15:18:22.4706574+07:00" testType="13cdc9d9-ddb5-4fa4-a97d-d965ccfc6d4b" outcome="Passed" testListId="8c84fa94-04c1-424b-9868-57a2d4851a1d" relativeResultsDirectory="0fcaa522-1673-4180-a65f-e42b85a78e56" />
    <UnitTestResult executionId="728d92dd-2c25-4030-a187-617853a69229" testId="c2c0db3d-ffe0-b718-8ee3-f2635f34e204" testName="Blocks.SystemService.Tests.Auth.RegistrationEndpointTests.Unknown_registration_json_properties_are_rejected" computerName="DESKTOP-O84VSVP" duration="00:00:00.5796601" startTime="2026-08-29T15:18:21.8831306+07:00" endTime="2026-08-29T15:18:22.4608664+07:00" testType="13cdc9d9-ddb5-4fa4-a97d-d965ccfc6d4b" outcome="Passed" testListId="8c84fa94-04c1-424b-9868-57a2d4851a1d" relativeResultsDirectory="728d92dd-2c25-4030-a187-617853a69229" />
    <UnitTestResult executionId="49dbea6e-82c1-4cf9-a8f0-c63a317feb39" testId="b51ac9a6-47da-ddca-a727-ef0bce3b3206" testName="Blocks.SystemService.Tests.Security.PermissionFilterTests.OnAuthorizationAsync_falls_back_to_controller_when_permission_key_is_missing" computerName="DESKTOP-O84VSVP" duration="00:00:00.0145028" startTime="2026-08-29T15:18:22.4399687+07:00" endTime="2026-08-29T15:18:22.4530640+07:00" testType="13cdc9d9-ddb5-4fa4-a97d-d965ccfc6d4b" outcome="Passed" testListId="8c84fa94-04c1-424b-9868-57a2d4851a1d" relativeResultsDirectory="49dbea6e-82c1-4cf9-a8f0-c63a317feb39" />
    <UnitTestResult executionId="c873133e-2706-4b0b-a040-41fe7eaf8b3e" testId="c17d20c0-09f6-8de5-3dde-2e1933989045" testName="Blocks.SystemService.Tests.Data.CommunityAuthorizationSchemaTests.Community_entities_expose_required_audit_and_relationship_fields" computerName="DESKTOP-O84VSVP" duration="00:00:00.7476391" startTime="2026-08-29T15:18:19.9622966+07:00" endTime="2026-08-29T15:18:20.6634569+07:00" testType="13cdc9d9-ddb5-4fa4-a97d-d965ccfc6d4b" outcome="Passed" testListId="8c84fa94-04c1-424b-9868-57a2d4851a1d" relativeResultsDirectory="c873133e-2706-4b0b-a040-41fe7eaf8b3e" />
    <UnitTestResult executionId="51eb9dbf-de85-472f-a2e5-3b497626eefe" testId="c0099836-e9b6-003f-350f-efea32bcd238" testName="Blocks.SystemService.Tests.Security.FunctionalAuthorizationServiceTests.CheckAsync_denies_inactive_or_deleted_user_role_or_menu(inactiveUser: True, deletedUser: False, inactiveRole: False, deletedRole: False, inactiveMenu: False, deletedMenu: False)" computerName="DESKTOP-O84VSVP" duration="00:00:04.0212905" startTime="2026-08-29T15:18:21.0174281+07:00" endTime="2026-08-29T15:18:25.0338033+07:00" testType="13cdc9d9-ddb5-4fa4-a97d-d965ccfc6d4b" outcome="Passed" testListId="8c84fa94-04c1-424b-9868-57a2d4851a1d" relativeResultsDirectory="51eb9dbf-de85-472f-a2e5-3b497626eefe" />
    <UnitTestResult executionId="5a8540fc-c8de-44f0-bc57-57e284adc3c8" testId="d1736ecf-133e-4fda-9d81-ec29b68936f5" testName="Blocks.SystemService.Tests.Admin.AuthorizationAdministrationTests.Default_registration_role_cannot_become_ineligible" computerName="DESKTOP-O84VSVP" duration="00:00:00.0820010" startTime="2026-08-29T15:18:24.9548540+07:00" endTime="2026-08-29T15:18:25.0367010+07:00" testType="13cdc9d9-ddb5-4fa4-a97d-d965ccfc6d4b" outcome="Passed" testListId="8c84fa94-04c1-424b-9868-57a2d4851a1d" relativeResultsDirectory="5a8540fc-c8de-44f0-bc57-57e284adc3c8" />
    <UnitTestResult executionId="baa3aa59-1c5c-45d4-82b7-d3c535580dbd" testId="d25c45a8-f8ea-7dda-3232-d51de25799f0" testName="Blocks.SystemService.Tests.Admin.UserServiceGetListTests.GetList_applies_role_and_status_filters_before_paging" computerName="DESKTOP-O84VSVP" duration="00:00:05.0610409" startTime="2026-08-29T15:18:19.9620718+07:00" endTime="2026-08-29T15:18:24.9769300+07:00" testType="13cdc9d9-ddb5-4fa4-a97d-d965ccfc6d4b" outcome="Passed" testListId="8c84fa94-04c1-424b-9868-57a2d4851a1d" relativeResultsDirectory="baa3aa59-1c5c-45d4-82b7-d3c535580dbd" />
    <UnitTestResult executionId="a7b9974b-9738-48e9-b69e-cd8ee7a70ba4" testId="06a87827-3bb0-a920-a03d-35e44f32f9f4" testName="Blocks.SystemService.Tests.Auth.RegistrationEndpointTests.Public_registration_endpoints_are_anonymous_and_use_expected_routes" computerName="DESKTOP-O84VSVP" duration="00:00:00.8503023" startTime="2026-08-29T15:18:21.0207491+07:00" endTime="2026-08-29T15:18:21.8672258+07:00" testType="13cdc9d9-ddb5-4fa4-a97d-d965ccfc6d4b" outcome="Passed" testListId="8c84fa94-04c1-424b-9868-57a2d4851a1d" relativeResultsDirectory="a7b9974b-9738-48e9-b69e-cd8ee7a70ba4" />
    <UnitTestResult executionId="100e5fac-73df-4bc6-a268-33d52be7b9b5" testId="4fd737c9-8588-00d7-1059-4e42c30cbcd3" testName="Blocks.SystemService.Tests.Security.FunctionalAuthorizationServiceTests.CheckAsync_denies_unsupported_menu_action_even_when_role_grants_it" computerName="DESKTOP-O84VSVP" duration="00:00:00.0702758" startTime="2026-08-29T15:18:25.0827624+07:00" endTime="2026-08-29T15:18:25.1526899+07:00" testType="13cdc9d9-ddb5-4fa4-a97d-d965ccfc6d4b" outcome="Passed" testListId="8c84fa94-04c1-424b-9868-57a2d4851a1d" relativeResultsDirectory="100e5fac-73df-4bc6-a268-33d52be7b9b5" />
    <UnitTestResult executionId="82cc5a66-7cc1-49dc-8f5b-2965868b408c" testId="8d5c9a5f-0678-26af-ff2c-89d5cf70be18" testName="Blocks.SystemService.Tests.Security.PermissionFilterTests.OnAuthorizationAsync_returns_401_when_user_id_claim_is_missing" computerName="DESKTOP-O84VSVP" duration="00:00:00.0010002" startTime="2026-08-29T15:18:22.4768430+07:00" endTime="2026-08-29T15:18:22.4776122+07:00" testType="13cdc9d9-ddb5-4fa4-a97d-d965ccfc6d4b" outcome="Passed" testListId="8c84fa94-04c1-424b-9868-57a2d4851a1d" relativeResultsDirectory="82cc5a66-7cc1-49dc-8f5b-2965868b408c" />
    <UnitTestResult executionId="d0a2b1eb-fe1c-4ff7-a5ac-c4b1f87b47fa" testId="bc051563-2dd7-3102-46ad-c86eaeaaadee" testName="Blocks.SystemService.Tests.Security.FunctionalAuthorizationServiceTests.CheckAsync_denies_inactive_or_deleted_user_role_or_menu(inactiveUser: False, deletedUser: False, inactiveRole: True, deletedRole: False, inactiveMenu: False, deletedMenu: False)" computerName="DESKTOP-O84VSVP" duration="00:00:00.0067753" startTime="2026-08-29T15:18:25.0365295+07:00" endTime="2026-08-29T15:18:25.0407212+07:00" testType="13cdc9d9-ddb5-4fa4-a97d-d965ccfc6d4b" outcome="Passed" testListId="8c84fa94-04c1-424b-9868-57a2d4851a1d" relativeResultsDirectory="d0a2b1eb-fe1c-4ff7-a5ac-c4b1f87b47fa" />
    <UnitTestResult executionId="421bcb05-ed57-44d6-9287-24043e861c43" testId="3bdc3510-bdee-539f-0163-ea8341e33c04" testName="Blocks.SystemService.Tests.Security.PermissionFilterTests.OnAuthorizationAsync_uses_explicit_permission_key" computerName="DESKTOP-O84VSVP" duration="00:00:00.0009768" startTime="2026-08-29T15:18:22.4727157+07:00" endTime="2026-08-29T15:18:22.4728101+07:00" testType="13cdc9d9-ddb5-4fa4-a97d-d965ccfc6d4b" outcome="Passed" testListId="8c84fa94-04c1-424b-9868-57a2d4851a1d" relativeResultsDirectory="421bcb05-ed57-44d6-9287-24043e861c43" />
    <UnitTestResult executionId="c03999c6-cc6e-44b2-8798-6b84ef870c3d" testId="e7378891-1e51-ac50-4ec6-cc89f5e72c63" testName="Blocks.SystemService.Tests.Auth.BootstrapServiceTests.Concurrent_bootstrap_requests_allow_one_success" computerName="DESKTOP-O84VSVP" duration="00:00:00.0478078" startTime="2026-08-29T15:18:25.2623837+07:00" endTime="2026-08-29T15:18:25.3144115+07:00" testType="13cdc9d9-ddb5-4fa4-a97d-d965ccfc6d4b" outcome="Passed" testListId="8c84fa94-04c1-424b-9868-57a2d4851a1d" relativeResultsDirectory="c03999c6-cc6e-44b2-8798-6b84ef870c3d" />
    <UnitTestResult executionId="9be0fb52-16fd-48b3-a7f2-324c93ffe942" testId="a1635ca1-9831-cdbc-ad3d-cb964902ca0a" testName="Blocks.SystemService.Tests.Auth.RegistrationServiceTests.Open_registration_ignores_ungranted_admin_permission_rows" computerName="DESKTOP-O84VSVP" duration="00:00:00.1525925" startTime="2026-08-29T15:18:25.4959087+07:00" endTime="2026-08-29T15:18:25.6483929+07:00" testType="13cdc9d9-ddb5-4fa4-a97d-d965ccfc6d4b" outcome="Passed" testListId="8c84fa94-04c1-424b-9868-57a2d4851a1d" relativeResultsDirectory="9be0fb52-16fd-48b3-a7f2-324c93ffe942" />
    <UnitTestResult executionId="613c73dd-63a9-4f46-b2d4-4e817bda0f71" testId="7de72bff-9d00-26c6-7bdd-217ecff56419" testName="Blocks.SystemService.Tests.Auth.RegistrationServiceTests.Workspace_failure_leaves_no_registration_rows" computerName="DESKTOP-O84VSVP" duration="00:00:00.0251870" startTime="2026-08-29T15:18:25.2692058+07:00" endTime="2026-08-29T15:18:25.2926221+07:00" testType="13cdc9d9-ddb5-4fa4-a97d-d965ccfc6d4b" outcome="Passed" testListId="8c84fa94-04c1-424b-9868-57a2d4851a1d" relativeResultsDirectory="613c73dd-63a9-4f46-b2d4-4e817bda0f71" />
    <UnitTestResult executionId="86d8b163-5b10-43e0-9e93-1c57e478b89f" testId="69387dd5-a77b-76e8-cc73-80c031e3dcf9" testName="Blocks.SystemService.Tests.Security.FunctionalAuthorizationServiceTests.CheckAsync_allows_granted_supported_action_for_active_identity" computerName="DESKTOP-O84VSVP" duration="00:00:00.0049258" startTime="2026-08-29T15:18:25.2463898+07:00" endTime="2026-08-29T15:18:25.2512110+07:00" testType="13cdc9d9-ddb5-4fa4-a97d-d965ccfc6d4b" outcome="Passed" testListId="8c84fa94-04c1-424b-9868-57a2d4851a1d" relativeResultsDirectory="86d8b163-5b10-43e0-9e93-1c57e478b89f" />
    <UnitTestResult executionId="31364e29-eef9-4a81-8425-adc2a8e1dd8c" testId="f79c4672-838e-630a-7119-fafbfe30acb6" testName="Blocks.SystemService.Tests.Auth.RegistrationServiceTests.Admin_provisioned_mode_rejects_public_registration" computerName="DESKTOP-O84VSVP" duration="00:00:00.0032433" startTime="2026-08-29T15:18:25.4835177+07:00" endTime="2026-08-29T15:18:25.4864220+07:00" testType="13cdc9d9-ddb5-4fa4-a97d-d965ccfc6d4b" outcome="Passed" testListId="8c84fa94-04c1-424b-9868-57a2d4851a1d" relativeResultsDirectory="31364e29-eef9-4a81-8425-adc2a8e1dd8c" />
    <UnitTestResult executionId="a49208e5-9a9e-4366-a07d-5586fb2e59ef" testId="074a1444-4fc1-f762-a61b-3143c53023cb" testName="Blocks.SystemService.Tests.Security.PermissionFilterTests.RoleController_marks_user_permission_query_with_subject_guard" computerName="DESKTOP-O84VSVP" duration="00:00:00.0007129" startTime="2026-08-29T15:18:22.4248860+07:00" endTime="2026-08-29T15:18:22.4266483+07:00" testType="13cdc9d9-ddb5-4fa4-a97d-d965ccfc6d4b" outcome="Passed" testListId="8c84fa94-04c1-424b-9868-57a2d4851a1d" relativeResultsDirectory="a49208e5-9a9e-4366-a07d-5586fb2e59ef" />
    <UnitTestResult executionId="c4e6f659-36b0-4728-a633-4f28d2dde59e" testId="00a95b6c-adda-cdb3-a5e3-81313a4cc6a1" testName="Blocks.SystemService.Tests.Auth.RegistrationServiceTests.Invitation_consumer_conditionally_consumes_once_and_rejects_second_consumer" computerName="DESKTOP-O84VSVP" duration="00:00:00.0139300" startTime="2026-08-29T15:18:25.4713525+07:00" endTime="2026-08-29T15:18:25.4830822+07:00" testType="13cdc9d9-ddb5-4fa4-a97d-d965ccfc6d4b" outcome="Passed" testListId="8c84fa94-04c1-424b-9868-57a2d4851a1d" relativeResultsDirectory="c4e6f659-36b0-4728-a633-4f28d2dde59e" />
    <UnitTestResult executionId="289f8840-f832-49c5-a84c-5520e1179352" testId="9fa5cabc-d72d-7131-3540-816c4c2ea358" testName="Blocks.SystemService.Tests.Data.SystemMigrationContractTests.Missing_connection_string_fails_startup_before_database_access" computerName="DESKTOP-O84VSVP" duration="00:00:01.3793378" startTime="2026-08-29T15:18:21.0358143+07:00" endTime="2026-08-29T15:18:22.4148975+07:00" testType="13cdc9d9-ddb5-4fa4-a97d-d965ccfc6d4b" outcome="Passed" testListId="8c84fa94-04c1-424b-9868-57a2d4851a1d" relativeResultsDirectory="289f8840-f832-49c5-a84c-5520e1179352" />
    <UnitTestResult executionId="478713e3-e736-44ce-85e3-05ed3821a491" testId="4b84d01a-89b6-5657-9ff5-7be912d07c18" testName="Blocks.SystemService.Tests.Admin.AuthorizationAdministrationTests.Permission_row_identity_must_match_request_keys" computerName="DESKTOP-O84VSVP" duration="00:00:00.0350702" startTime="2026-08-29T15:18:25.1003241+07:00" endTime="2026-08-29T15:18:25.1350799+07:00" testType="13cdc9d9-ddb5-4fa4-a97d-d965ccfc6d4b" outcome="Passed" testListId="8c84fa94-04c1-424b-9868-57a2d4851a1d" relativeResultsDirectory="478713e3-e736-44ce-85e3-05ed3821a491" />
    <UnitTestResult executionId="15302bca-68e7-49d5-ad2e-96dd7ec4a3b1" testId="d5a9dcaa-20cc-fbf5-b76a-e57aeab96875" testName="Blocks.SystemService.Tests.Auth.RegistrationEndpointTests.Registration_admin_endpoints_require_registration_permission" computerName="DESKTOP-O84VSVP" duration="00:00:00.0032080" startTime="2026-08-29T15:18:21.8781808+07:00" endTime="2026-08-29T15:18:21.8811484+07:00" testType="13cdc9d9-ddb5-4fa4-a97d-d965ccfc6d4b" outcome="Passed" testListId="8c84fa94-04c1-424b-9868-57a2d4851a1d" relativeResultsDirectory="15302bca-68e7-49d5-ad2e-96dd7ec4a3b1" />
    <UnitTestResult executionId="32562e01-460a-4398-a23d-045a5950671e" testId="ad08ad5c-d4d3-a925-d2d8-80404e8149dc" testName="Blocks.SystemService.Tests.Auth.BootstrapServiceTests.Bootstrap_rejects_existing_administrator_and_keeps_existing_rows" computerName="DESKTOP-O84VSVP" duration="00:00:00.0048442" startTime="2026-08-29T15:18:25.3605077+07:00" endTime="2026-08-29T15:18:25.3629760+07:00" testType="13cdc9d9-ddb5-4fa4-a97d-d965ccfc6d4b" outcome="Passed" testListId="8c84fa94-04c1-424b-9868-57a2d4851a1d" relativeResultsDirectory="32562e01-460a-4398-a23d-045a5950671e" />
    <UnitTestResult executionId="3fb84920-5bba-4f73-9d02-15247fd3f5fd" testId="b2241b9d-b06b-5ff5-1270-35de0e2a89da" testName="Blocks.SystemService.Tests.Security.DefaultMemberPermissionTests.Resource_matrix_marks_domain_resources_blocked_and_workspace_home_safe" computerName="DESKTOP-O84VSVP" duration="00:00:00.0012428" startTime="2026-08-29T15:18:21.0186627+07:00" endTime="2026-08-29T15:18:21.0191067+07:00" testType="13cdc9d9-ddb5-4fa4-a97d-d965ccfc6d4b" outcome="Passed" testListId="8c84fa94-04c1-424b-9868-57a2d4851a1d" relativeResultsDirectory="3fb84920-5bba-4f73-9d02-15247fd3f5fd" />
    <UnitTestResult executionId="9331f229-ba14-45d5-bf40-b40afe725a28" testId="3014ec6f-b0c2-693c-9a2d-aac1476fd64a" testName="Blocks.SystemService.Tests.Admin.AdminResponseContractTests.UpdatePermissions_ReturnsServiceResultInData" computerName="DESKTOP-O84VSVP" duration="00:00:00.7293674" startTime="2026-08-29T15:18:20.6070946+07:00" endTime="2026-08-29T15:18:21.3365173+07:00" testType="13cdc9d9-ddb5-4fa4-a97d-d965ccfc6d4b" outcome="Passed" testListId="8c84fa94-04c1-424b-9868-57a2d4851a1d" relativeResultsDirectory="9331f229-ba14-45d5-bf40-b40afe725a28" />
    <UnitTestResult executionId="5b21d342-9775-4911-bd3b-2fedf9a211ba" testId="037933ea-f650-4e8a-c320-d9029d4006bc" testName="Blocks.SystemService.Tests.Admin.AuthorizationAdministrationTests.Malformed_subject_id_is_forbidden" computerName="DESKTOP-O84VSVP" duration="00:00:00.0013423" startTime="2026-08-29T15:18:25.2020743+07:00" endTime="2026-08-29T15:18:25.2030707+07:00" testType="13cdc9d9-ddb5-4fa4-a97d-d965ccfc6d4b" outcome="Passed" testListId="8c84fa94-04c1-424b-9868-57a2d4851a1d" relativeResultsDirectory="5b21d342-9775-4911-bd3b-2fedf9a211ba" />
    <UnitTestResult executionId="6963459c-d543-41ec-987a-9dab1d586f30" testId="f8e80e8e-fcfc-b75a-1505-d9189b0a41d8" testName="Blocks.SystemService.Tests.Data.SystemMigrationContractTests.Pending_migrations_exclude_journaled_resources_in_filename_order" computerName="DESKTOP-O84VSVP" duration="00:00:00.0173993" startTime="2026-08-29T15:18:21.0240760+07:00" endTime="2026-08-29T15:18:21.0354014+07:00" testType="13cdc9d9-ddb5-4fa4-a97d-d965ccfc6d4b" outcome="Passed" testListId="8c84fa94-04c1-424b-9868-57a2d4851a1d" relativeResultsDirectory="6963459c-d543-41ec-987a-9dab1d586f30" />
    <UnitTestResult executionId="17e0caa3-b4ff-4f76-8d5f-6e97038eb167" testId="5ef2699b-89b5-ed3d-b65f-9f0e457d391e" testName="Blocks.SystemService.Tests.Auth.RegistrationServiceTests.Ineligible_invitation_role_is_rejected" computerName="DESKTOP-O84VSVP" duration="00:00:00.0090522" startTime="2026-08-29T15:18:25.4868125+07:00" endTime="2026-08-29T15:18:25.4956106+07:00" testType="13cdc9d9-ddb5-4fa4-a97d-d965ccfc6d4b" outcome="Passed" testListId="8c84fa94-04c1-424b-9868-57a2d4851a1d" relativeResultsDirectory="17e0caa3-b4ff-4f76-8d5f-6e97038eb167" />
    <UnitTestResult executionId="90059eae-bcd0-4178-bcd5-f632f096c5b4" testId="3884f411-75d9-f3fe-33bc-34941c876da2" testName="Blocks.SystemService.Tests.Auth.RegistrationServiceTests.Audit_failure_leaves_no_registration_rows" computerName="DESKTOP-O84VSVP" duration="00:00:00.0353755" startTime="2026-08-29T15:18:25.4338868+07:00" endTime="2026-08-29T15:18:25.4690123+07:00" testType="13cdc9d9-ddb5-4fa4-a97d-d965ccfc6d4b" outcome="Passed" testListId="8c84fa94-04c1-424b-9868-57a2d4851a1d" relativeResultsDirectory="90059eae-bcd0-4178-bcd5-f632f096c5b4" />
    <UnitTestResult executionId="7b6a8590-fc18-4be4-8ddd-8260f4d00e73" testId="3c25c66e-3a32-9f53-b547-430187b921c7" testName="Blocks.SystemService.Tests.Auth.RegistrationEndpointTests.Registration_mode_availability_is_explicit(mode: &quot;open&quot;, expected: True)" computerName="DESKTOP-O84VSVP" duration="00:00:00.0040553" startTime="2026-08-29T15:18:21.0127920+07:00" endTime="2026-08-29T15:18:21.0188034+07:00" testType="13cdc9d9-ddb5-4fa4-a97d-d965ccfc6d4b" outcome="Passed" testListId="8c84fa94-04c1-424b-9868-57a2d4851a1d" relativeResultsDirectory="7b6a8590-fc18-4be4-8ddd-8260f4d00e73" />
    <UnitTestResult executionId="cbe4c02f-6e2d-440f-85cd-21e9f9422b16" testId="7e9379c3-6ddc-efd5-9d81-32b8a4c7b149" testName="Blocks.SystemService.Tests.Auth.BootstrapServiceTests.Environment_secret_takes_precedence_and_configuration_is_fallback" computerName="DESKTOP-O84VSVP" duration="00:00:00.0003151" startTime="2026-08-29T15:18:25.3641473+07:00" endTime="2026-08-29T15:18:25.3642901+07:00" testType="13cdc9d9-ddb5-4fa4-a97d-d965ccfc6d4b" outcome="Passed" testListId="8c84fa94-04c1-424b-9868-57a2d4851a1d" relativeResultsDirectory="cbe4c02f-6e2d-440f-85cd-21e9f9422b16" />
    <UnitTestResult executionId="be44d2c5-f83e-4421-8a38-8b6804e4cb51" testId="2cb432ec-90f2-d5ca-67bc-fd646f84eb73" testName="Blocks.SystemService.Tests.Auth.RegistrationServiceTests.Duplicate_username_or_email_is_rejected(username: &quot;Existing&quot;, email: &quot;new@example.test&quot;)" computerName="DESKTOP-O84VSVP" duration="00:00:00.0058456" startTime="2026-08-29T15:18:25.2930353+07:00" endTime="2026-08-29T15:18:25.2985907+07:00" testType="13cdc9d9-ddb5-4fa4-a97d-d965ccfc6d4b" outcome="Passed" testListId="8c84fa94-04c1-424b-9868-57a2d4851a1d" relativeResultsDirectory="be44d2c5-f83e-4421-8a38-8b6804e4cb51" />
  </Results>
  <TestDefinitions>
    <UnitTest name="Blocks.SystemService.Tests.Admin.AuthorizationAdministrationTests.Malformed_subject_id_is_forbidden" storage="d:\workspace\personal\blocks-private-copy\tests\system-service\blocks.systemservice.tests\bin\debug\net10.0\blocks.systemservice.tests.dll" id="037933ea-f650-4e8a-c320-d9029d4006bc">
      <Execution id="5b21d342-9775-4911-bd3b-2fedf9a211ba" />
      <TestMethod codeBase="D:\Workspace\Personal\Blocks-private-copy\tests\system-service\Blocks.SystemService.Tests\bin\Debug\net10.0\Blocks.SystemService.Tests.dll" adapterTypeName="executor://xunit/VsTestRunner3/netcore/" className="Blocks.SystemService.Tests.Admin.AuthorizationAdministrationTests" name="Malformed_subject_id_is_forbidden" />
    </UnitTest>
    <UnitTest name="Blocks.SystemService.Tests.Auth.RegistrationAdminServiceTests.Valid_invitation_returns_plaintext_once_and_stores_sha256_hash" storage="d:\workspace\personal\blocks-private-copy\tests\system-service\blocks.systemservice.tests\bin\debug\net10.0\blocks.systemservice.tests.dll" id="d4e81838-e21e-10c1-ef81-28472020aa33">
      <Execution id="159ff4bd-a3cf-453b-b091-e0b8daf0cf35" />
      <TestMethod codeBase="D:\Workspace\Personal\Blocks-private-copy\tests\system-service\Blocks.SystemService.Tests\bin\Debug\net10.0\Blocks.SystemService.Tests.dll" adapterTypeName="executor://xunit/VsTestRunner3/netcore/" className="Blocks.SystemService.Tests.Auth.RegistrationAdminServiceTests" name="Valid_invitation_returns_plaintext_once_and_stores_sha256_hash" />
    </UnitTest>
    <UnitTest name="Blocks.SystemService.Tests.Auth.AuthResponseContractTests.LoginResponse_does_not_expose_password_fields" storage="d:\workspace\personal\blocks-private-copy\tests\system-service\blocks.systemservice.tests\bin\debug\net10.0\blocks.systemservice.tests.dll" id="8a59f8e3-e49d-57f5-a143-def24db35057">
      <Execution id="5e46e882-8345-4b8d-9d87-ca51d9d92667" />
      <TestMethod codeBase="D:\Workspace\Personal\Blocks-private-copy\tests\system-service\Blocks.SystemService.Tests\bin\Debug\net10.0\Blocks.SystemService.Tests.dll" adapterTypeName="executor://xunit/VsTestRunner3/netcore/" className="Blocks.SystemService.Tests.Auth.AuthResponseContractTests" name="LoginResponse_does_not_expose_password_fields" />
    </UnitTest>
    <UnitTest name="Blocks.SystemService.Tests.Admin.AuthorizationAdministrationTests.MenuRequestValidator_requires_permission_key" storage="d:\workspace\personal\blocks-private-copy\tests\system-service\blocks.systemservice.tests\bin\debug\net10.0\blocks.systemservice.tests.dll" id="50f42388-b275-2918-3d17-2d62b9575bec">
      <Execution id="1356daf6-e2a7-4c84-9b51-7c877138cad4" />
      <TestMethod codeBase="D:\Workspace\Personal\Blocks-private-copy\tests\system-service\Blocks.SystemService.Tests\bin\Debug\net10.0\Blocks.SystemService.Tests.dll" adapterTypeName="executor://xunit/VsTestRunner3/netcore/" className="Blocks.SystemService.Tests.Admin.AuthorizationAdministrationTests" name="MenuRequestValidator_requires_permission_key" />
    </UnitTest>
    <UnitTest name="Blocks.SystemService.Tests.Security.PermissionFilterTests.OnAuthorizationAsync_returns_401_when_user_id_claim_is_missing" storage="d:\workspace\personal\blocks-private-copy\tests\system-service\blocks.systemservice.tests\bin\debug\net10.0\blocks.systemservice.tests.dll" id="8d5c9a5f-0678-26af-ff2c-89d5cf70be18">
      <Execution id="82cc5a66-7cc1-49dc-8f5b-2965868b408c" />
      <TestMethod codeBase="D:\Workspace\Personal\Blocks-private-copy\tests\system-service\Blocks.SystemService.Tests\bin\Debug\net10.0\Blocks.SystemService.Tests.dll" adapterTypeName="executor://xunit/VsTestRunner3/netcore/" className="Blocks.SystemService.Tests.Security.PermissionFilterTests" name="OnAuthorizationAsync_returns_401_when_user_id_claim_is_missing" />
    </UnitTest>
    <UnitTest name="Blocks.SystemService.Tests.Data.CommunityAuthorizationSchemaTests.Migration_contract_adds_safe_authorization_schema_idempotently" storage="d:\workspace\personal\blocks-private-copy\tests\system-service\blocks.systemservice.tests\bin\debug\net10.0\blocks.systemservice.tests.dll" id="749ad659-7ccc-bf16-c7ac-6c357c691d4e">
      <Execution id="50dea5b8-b6a0-42a3-b50b-6d3acd087f2d" />
      <TestMethod codeBase="D:\Workspace\Personal\Blocks-private-copy\tests\system-service\Blocks.SystemService.Tests\bin\Debug\net10.0\Blocks.SystemService.Tests.dll" adapterTypeName="executor://xunit/VsTestRunner3/netcore/" className="Blocks.SystemService.Tests.Data.CommunityAuthorizationSchemaTests" name="Migration_contract_adds_safe_authorization_schema_idempotently" />
    </UnitTest>
    <UnitTest name="Blocks.SystemService.Tests.Security.PermissionFilterTests.OnAuthorizationAsync_keeps_none_as_authentication_only" storage="d:\workspace\personal\blocks-private-copy\tests\system-service\blocks.systemservice.tests\bin\debug\net10.0\blocks.systemservice.tests.dll" id="2456b1ec-7bdf-eb58-5517-9f67b194508d">
      <Execution id="faf56e97-5f08-46af-bab3-9ddba1f6e836" />
      <TestMethod codeBase="D:\Workspace\Personal\Blocks-private-copy\tests\system-service\Blocks.SystemService.Tests\bin\Debug\net10.0\Blocks.SystemService.Tests.dll" adapterTypeName="executor://xunit/VsTestRunner3/netcore/" className="Blocks.SystemService.Tests.Security.PermissionFilterTests" name="OnAuthorizationAsync_keeps_none_as_authentication_only" />
    </UnitTest>
    <UnitTest name="Blocks.SystemService.Tests.Auth.RegistrationServiceTests.Duplicate_username_or_email_is_rejected(username: &quot;Existing&quot;, email: &quot;new@example.test&quot;)" storage="d:\workspace\personal\blocks-private-copy\tests\system-service\blocks.systemservice.tests\bin\debug\net10.0\blocks.systemservice.tests.dll" id="2cb432ec-90f2-d5ca-67bc-fd646f84eb73">
      <Execution id="be44d2c5-f83e-4421-8a38-8b6804e4cb51" />
      <TestMethod codeBase="D:\Workspace\Personal\Blocks-private-copy\tests\system-service\Blocks.SystemService.Tests\bin\Debug\net10.0\Blocks.SystemService.Tests.dll" adapterTypeName="executor://xunit/VsTestRunner3/netcore/" className="Blocks.SystemService.Tests.Auth.RegistrationServiceTests" name="Duplicate_username_or_email_is_rejected" />
    </UnitTest>
    <UnitTest name="Blocks.SystemService.Tests.Auth.RegistrationEndpointTests.Registration_mode_availability_is_explicit(mode: &quot;admin_provisioned&quot;, expected: False)" storage="d:\workspace\personal\blocks-private-copy\tests\system-service\blocks.systemservice.tests\bin\debug\net10.0\blocks.systemservice.tests.dll" id="b577aa31-f7f3-88c4-c4fa-036f14ef4584">
      <Execution id="0035ad6e-ac34-4404-a188-c2d05364121e" />
      <TestMethod codeBase="D:\Workspace\Personal\Blocks-private-copy\tests\system-service\Blocks.SystemService.Tests\bin\Debug\net10.0\Blocks.SystemService.Tests.dll" adapterTypeName="executor://xunit/VsTestRunner3/netcore/" className="Blocks.SystemService.Tests.Auth.RegistrationEndpointTests" name="Registration_mode_availability_is_explicit" />
    </UnitTest>
    <UnitTest name="Blocks.SystemService.Tests.Auth.BootstrapServiceTests.Bootstrap_migration_makes_audit_user_nullable" storage="d:\workspace\personal\blocks-private-copy\tests\system-service\blocks.systemservice.tests\bin\debug\net10.0\blocks.systemservice.tests.dll" id="41342efc-f8c9-dc4f-2ad8-4e4983338567">
      <Execution id="a83bccba-47d8-424f-ac39-b0853ae89940" />
      <TestMethod codeBase="D:\Workspace\Personal\Blocks-private-copy\tests\system-service\Blocks.SystemService.Tests\bin\Debug\net10.0\Blocks.SystemService.Tests.dll" adapterTypeName="executor://xunit/VsTestRunner3/netcore/" className="Blocks.SystemService.Tests.Auth.BootstrapServiceTests" name="Bootstrap_migration_makes_audit_user_nullable" />
    </UnitTest>
    <UnitTest name="Blocks.SystemService.Tests.Auth.RegistrationAdminServiceTests.Invitations_reject_missing_or_inactive_target_workspace" storage="d:\workspace\personal\blocks-private-copy\tests\system-service\blocks.systemservice.tests\bin\debug\net10.0\blocks.systemservice.tests.dll" id="e61daaa1-5ef0-e551-270b-c4b4139216ba">
      <Execution id="16a4ca8f-1e4c-4b3d-b8d9-4617acb05c45" />
      <TestMethod codeBase="D:\Workspace\Personal\Blocks-private-copy\tests\system-service\Blocks.SystemService.Tests\bin\Debug\net10.0\Blocks.SystemService.Tests.dll" adapterTypeName="executor://xunit/VsTestRunner3/netcore/" className="Blocks.SystemService.Tests.Auth.RegistrationAdminServiceTests" name="Invitations_reject_missing_or_inactive_target_workspace" />
    </UnitTest>
    <UnitTest name="Blocks.SystemService.Tests.Auth.RegistrationEndpointTests.Unknown_registration_json_properties_are_rejected" storage="d:\workspace\personal\blocks-private-copy\tests\system-service\blocks.systemservice.tests\bin\debug\net10.0\blocks.systemservice.tests.dll" id="c2c0db3d-ffe0-b718-8ee3-f2635f34e204">
      <Execution id="728d92dd-2c25-4030-a187-617853a69229" />
      <TestMethod codeBase="D:\Workspace\Personal\Blocks-private-copy\tests\system-service\Blocks.SystemService.Tests\bin\Debug\net10.0\Blocks.SystemService.Tests.dll" adapterTypeName="executor://xunit/VsTestRunner3/netcore/" className="Blocks.SystemService.Tests.Auth.RegistrationEndpointTests" name="Unknown_registration_json_properties_are_rejected" />
    </UnitTest>
    <UnitTest name="Blocks.SystemService.Tests.Auth.AuthResponseContractTests.ModelAuthenticatedUser_from_model_user_omits_password_fields" storage="d:\workspace\personal\blocks-private-copy\tests\system-service\blocks.systemservice.tests\bin\debug\net10.0\blocks.systemservice.tests.dll" id="291ca24a-6da6-75eb-6c8c-2f4ed7dcbcbe">
      <Execution id="e8a3b993-f1f4-446f-8605-e045ab6a0efb" />
      <TestMethod codeBase="D:\Workspace\Personal\Blocks-private-copy\tests\system-service\Blocks.SystemService.Tests\bin\Debug\net10.0\Blocks.SystemService.Tests.dll" adapterTypeName="executor://xunit/VsTestRunner3/netcore/" className="Blocks.SystemService.Tests.Auth.AuthResponseContractTests" name="ModelAuthenticatedUser_from_model_user_omits_password_fields" />
    </UnitTest>
    <UnitTest name="Blocks.SystemService.Tests.Security.FunctionalAuthorizationServiceTests.CheckAsync_denies_inactive_or_deleted_user_role_or_menu(inactiveUser: False, deletedUser: True, inactiveRole: False, deletedRole: False, inactiveMenu: False, deletedMenu: False)" storage="d:\workspace\personal\blocks-private-copy\tests\system-service\blocks.systemservice.tests\bin\debug\net10.0\blocks.systemservice.tests.dll" id="88af0597-43a3-0210-5d31-b7e460024e88">
      <Execution id="7ab2dfda-293c-458f-b6a7-f4deb8b4bf0d" />
      <TestMethod codeBase="D:\Workspace\Personal\Blocks-private-copy\tests\system-service\Blocks.SystemService.Tests\bin\Debug\net10.0\Blocks.SystemService.Tests.dll" adapterTypeName="executor://xunit/VsTestRunner3/netcore/" className="Blocks.SystemService.Tests.Security.FunctionalAuthorizationServiceTests" name="CheckAsync_denies_inactive_or_deleted_user_role_or_menu" />
    </UnitTest>
    <UnitTest name="Blocks.SystemService.Tests.Auth.RegistrationEndpointTests.Registration_admin_endpoints_require_registration_permission" storage="d:\workspace\personal\blocks-private-copy\tests\system-service\blocks.systemservice.tests\bin\debug\net10.0\blocks.systemservice.tests.dll" id="d5a9dcaa-20cc-fbf5-b76a-e57aeab96875">
      <Execution id="15302bca-68e7-49d5-ad2e-96dd7ec4a3b1" />
      <TestMethod codeBase="D:\Workspace\Personal\Blocks-private-copy\tests\system-service\Blocks.SystemService.Tests\bin\Debug\net10.0\Blocks.SystemService.Tests.dll" adapterTypeName="executor://xunit/VsTestRunner3/netcore/" className="Blocks.SystemService.Tests.Auth.RegistrationEndpointTests" name="Registration_admin_endpoints_require_registration_permission" />
    </UnitTest>
    <UnitTest name="Blocks.SystemService.Tests.Security.JwtTokenServiceTests.GenerateRefreshToken_sets_ip_and_expiry" storage="d:\workspace\personal\blocks-private-copy\tests\system-service\blocks.systemservice.tests\bin\debug\net10.0\blocks.systemservice.tests.dll" id="d6b18aae-51c7-c8a2-78aa-07b277d1b5d5">
      <Execution id="47fd0897-d5e6-4438-8ab6-121d0e113d81" />
      <TestMethod codeBase="D:\Workspace\Personal\Blocks-private-copy\tests\system-service\Blocks.SystemService.Tests\bin\Debug\net10.0\Blocks.SystemService.Tests.dll" adapterTypeName="executor://xunit/VsTestRunner3/netcore/" className="Blocks.SystemService.Tests.Security.JwtTokenServiceTests" name="GenerateRefreshToken_sets_ip_and_expiry" />
[...]
    </UnitTest>
  </TestDefinitions>
  <TestEntries>
    <TestEntry testId="7f500e55-291d-e346-12eb-228049af50e0" executionId="7ee7d686-96b4-41ea-960c-fde06e397dd1" testListId="8c84fa94-04c1-424b-9868-57a2d4851a1d" />
    <TestEntry testId="b0d1aeb3-f14f-764f-4e59-2921434fef21" executionId="b231f279-e1c0-4263-b111-dbd960c04cc6" testListId="8c84fa94-04c1-424b-9868-57a2d4851a1d" />
    <TestEntry testId="523ffd90-2e7b-4711-d8d5-1357578c889b" executionId="9f0cc5e3-06b4-4e96-9d4f-0278bef9ce52" testListId="8c84fa94-04c1-424b-9868-57a2d4851a1d" />
    <TestEntry testId="7298812e-d229-f81b-c97d-d4d851ff2db5" executionId="14fc99ca-d6c6-40f7-8cb0-7f9f0190f021" testListId="8c84fa94-04c1-424b-9868-57a2d4851a1d" />
    <TestEntry testId="22232f5f-2d83-948f-b724-5f8e59c72aa7" executionId="07e9d83d-43ca-41d4-870e-1294d227f94b" testListId="8c84fa94-04c1-424b-9868-57a2d4851a1d" />
    <TestEntry testId="4e285814-1c1e-2262-244a-c1fb3c232d5d" executionId="dc89a01b-3030-4edc-973b-a16908ad7f7b" testListId="8c84fa94-04c1-424b-9868-57a2d4851a1d" />
    <TestEntry testId="2456b1ec-7bdf-eb58-5517-9f67b194508d" executionId="faf56e97-5f08-46af-bab3-9ddba1f6e836" testListId="8c84fa94-04c1-424b-9868-57a2d4851a1d" />
    <TestEntry testId="e0884c5d-33fc-1d8c-3ca6-658768eb62c2" executionId="54a7481e-5d12-4b98-93b0-81059905c8dd" testListId="8c84fa94-04c1-424b-9868-57a2d4851a1d" />
    <TestEntry testId="bee13b73-99a2-ce54-caa2-c94e355111f7" executionId="544587c5-8b6f-45a2-b025-2d1da2a10da5" testListId="8c84fa94-04c1-424b-9868-57a2d4851a1d" />
    <TestEntry testId="0a64777d-5a3e-da9d-71e0-d921ae75fdb0" executionId="0c11a1c8-df50-494d-bab3-fe3c5f393b63" testListId="8c84fa94-04c1-424b-9868-57a2d4851a1d" />
    <TestEntry testId="edf6b2db-9cac-5148-53e1-6f35734d66cb" executionId="46ec4d4f-6aee-4763-a102-acfebd631bbe" testListId="8c84fa94-04c1-424b-9868-57a2d4851a1d" />
    <TestEntry testId="dc16f563-939c-bb0f-619b-993cb933f943" executionId="28b339a1-f273-46ba-8572-3d5f64fd19dc" testListId="8c84fa94-04c1-424b-9868-57a2d4851a1d" />
    <TestEntry testId="6c234888-719f-3c20-2e4e-6f4510e3e251" executionId="1295a37e-2528-4aef-bee8-655b10a433c2" testListId="8c84fa94-04c1-424b-9868-57a2d4851a1d" />
    <TestEntry testId="0f906fb2-5b4c-8667-73b9-9e51394d80d4" executionId="1bbd2798-a561-4c23-a654-a23230b93fe7" testListId="8c84fa94-04c1-424b-9868-57a2d4851a1d" />
    <TestEntry testId="f1aeb9d2-7676-95d2-37e4-d1df02e342b6" executionId="bdfe1e53-a4b3-45b8-8877-39be1b6dfa2c" testListId="8c84fa94-04c1-424b-9868-57a2d4851a1d" />
    <TestEntry testId="e079f189-3007-ec8b-3802-555a92b74c1d" executionId="7546e3ea-5ab5-4709-b050-c06a60d0b37a" testListId="8c84fa94-04c1-424b-9868-57a2d4851a1d" />
    <TestEntry testId="dff06b09-7ca1-95ec-6091-939ee880fcf5" executionId="408426c7-f1dc-400b-9e3e-e90c615ef868" testListId="8c84fa94-04c1-424b-9868-57a2d4851a1d" />
    <TestEntry testId="b577aa31-f7f3-88c4-c4fa-036f14ef4584" executionId="0035ad6e-ac34-4404-a188-c2d05364121e" testListId="8c84fa94-04c1-424b-9868-57a2d4851a1d" />
    <TestEntry testId="ceb46a4c-1a36-9a66-9df0-fdfbebfb22c2" executionId="1cc52bf1-3889-4c65-b583-4ac9aab756b4" testListId="8c84fa94-04c1-424b-9868-57a2d4851a1d" />
    <TestEntry testId="acedab9c-5b04-c465-c5da-019311f56178" executionId="9c3889eb-1f6b-4a55-bc0c-b3e693393a4f" testListId="8c84fa94-04c1-424b-9868-57a2d4851a1d" />
    <TestEntry testId="18b3ff98-894b-48e6-5a46-713e0c10a433" executionId="d2cc89f6-0d8b-4450-b6ee-212065cec5d5" testListId="8c84fa94-04c1-424b-9868-57a2d4851a1d" />
    <TestEntry testId="6043a6bb-a54a-fc5f-fa7e-dca98c2db4a4" executionId="e4c55dd4-5e5f-483c-84be-c226290be9cf" testListId="8c84fa94-04c1-424b-9868-57a2d4851a1d" />
    <TestEntry testId="9009a922-8426-9c9a-a3a9-b63877dcab1e" executionId="e6c98547-2dff-49c4-a28c-b9ae58bec92c" testListId="8c84fa94-04c1-424b-9868-57a2d4851a1d" />
    <TestEntry testId="47cc4d1c-53ce-44b2-fac9-954441efd1b0" executionId="bf2ba708-57ee-4f8a-95bc-49eba6207630" testListId="8c84fa94-04c1-424b-9868-57a2d4851a1d" />
    <TestEntry testId="d4e81838-e21e-10c1-ef81-28472020aa33" executionId="159ff4bd-a3cf-453b-b091-e0b8daf0cf35" testListId="8c84fa94-04c1-424b-9868-57a2d4851a1d" />
    <TestEntry testId="78333349-4499-c3f8-eb5f-d9c1afbbabd0" executionId="c3b3abb5-e2fa-4822-bbe7-24c47084fe94" testListId="8c84fa94-04c1-424b-9868-57a2d4851a1d" />
    <TestEntry testId="5f884cc4-7100-0190-8d06-660ae43d61c3" executionId="f791b9cd-b0f7-4027-9c4e-a5df5e475cbe" testListId="8c84fa94-04c1-424b-9868-57a2d4851a1d" />
    <TestEntry testId="dbb3d65f-f831-5b77-16ba-caf963af3157" executionId="751e8d03-a2c1-4420-a3f2-70e2c40dc968" testListId="8c84fa94-04c1-424b-9868-57a2d4851a1d" />
    <TestEntry testId="4616f411-99ab-3729-9788-4628b3282515" executionId="2a5c1fe8-d163-4613-9403-d5b6a5f02c9a" testListId="8c84fa94-04c1-424b-9868-57a2d4851a1d" />
    <TestEntry testId="388722f8-6a0e-3878-cf31-5fa7a5d7e6ee" executionId="addcbe9e-520f-430e-9c9e-6a8bd7e67c75" testListId="8c84fa94-04c1-424b-9868-57a2d4851a1d" />
    <TestEntry testId="a2f89412-d4da-2a31-f6c7-2baad1fcdad4" executionId="8ead038d-89c1-44c6-9f05-9394f2a6d416" testListId="8c84fa94-04c1-424b-9868-57a2d4851a1d" />
    <TestEntry testId="d6b18aae-51c7-c8a2-78aa-07b277d1b5d5" executionId="47fd0897-d5e6-4438-8ab6-121d0e113d81" testListId="8c84fa94-04c1-424b-9868-57a2d4851a1d" />
    <TestEntry testId="bdff2846-d3da-179f-bdc6-7ccc66eda317" executionId="75c6d5a4-bcd6-4d1d-b1a1-cd1360ab7469" testListId="8c84fa94-04c1-424b-9868-57a2d4851a1d" />
    <TestEntry testId="749ad659-7ccc-bf16-c7ac-6c357c691d4e" executionId="50dea5b8-b6a0-42a3-b50b-6d3acd087f2d" testListId="8c84fa94-04c1-424b-9868-57a2d4851a1d" />
    <TestEntry testId="8a59f8e3-e49d-57f5-a143-def24db35057" executionId="5e46e882-8345-4b8d-9d87-ca51d9d92667" testListId="8c84fa94-04c1-424b-9868-57a2d4851a1d" />
    <TestEntry testId="5155caad-0671-e6c2-aa52-6d040a914edb" executionId="ed8f38f8-cb8d-4c95-9954-cc68be0c3128" testListId="8c84fa94-04c1-424b-9868-57a2d4851a1d" />
    <TestEntry testId="088a8fc4-a727-488c-ceed-66c8defb8316" executionId="cfb6ff86-0bb5-4ade-974c-2fd4b8d6f672" testListId="8c84fa94-04c1-424b-9868-57a2d4851a1d" />
    <TestEntry testId="07fbe0c4-4eac-73a1-a5dc-d0a4b90145ca" executionId="442d552d-9d7d-4212-8d7e-a49130b45248" testListId="8c84fa94-04c1-424b-9868-57a2d4851a1d" />
    <TestEntry testId="7aa22a6d-6738-5ffc-6088-015f3a1e26fd" executionId="e4dcd20e-4493-435c-9c41-76d07d0ca01d" testListId="8c84fa94-04c1-424b-9868-57a2d4851a1d" />
    <TestEntry testId="d0177a47-e6b9-16ee-1542-d59cca93d8c5" executionId="7ce05ceb-c9d0-4d2e-8fa6-8b884a630c8a" testListId="8c84fa94-04c1-424b-9868-57a2d4851a1d" />
    <TestEntry testId="376f8b6b-2afd-f7b7-4767-4ec92b3fcc32" executionId="01facbb8-73c1-4620-9a53-05a79a34b0bd" testListId="8c84fa94-04c1-424b-9868-57a2d4851a1d" />
    <TestEntry testId="b86e53f0-b00a-a586-7fbb-e22dc6d3faa4" executionId="e63f8b15-a871-4be9-8ec7-84a5fefa01ff" testListId="8c84fa94-04c1-424b-9868-57a2d4851a1d" />
    <TestEntry testId="e50c6f24-ba1a-8347-0bfb-1db34dea6f3f" executionId="558fca8d-2bd7-46cc-b1ac-3d3ce8d13f2d" testListId="8c84fa94-04c1-424b-9868-57a2d4851a1d" />
    <TestEntry testId="0f06ab7e-d9a5-cb79-87f1-b3a390f10ff4" executionId="1fc7877f-8222-40da-be9c-ded59ec5c92c" testListId="8c84fa94-04c1-424b-9868-57a2d4851a1d" />
    <TestEntry testId="44614781-b931-3c0f-9f9f-d7734090ed4f" executionId="24efedfb-c0e7-440f-9282-b8285dc6e4dc" testListId="8c84fa94-04c1-424b-9868-57a2d4851a1d" />
    <TestEntry testId="b30c7ffa-e164-c1e7-46c8-4160defc7a21" executionId="0803f9af-7e63-4c66-8d9e-cfabd3e720a0" testListId="8c84fa94-04c1-424b-9868-57a2d4851a1d" />
    <TestEntry testId="640c41b1-3fff-ea07-0363-501996f73f91" executionId="d3d54236-aabc-4649-9755-2b8e3e926469" testListId="8c84fa94-04c1-424b-9868-57a2d4851a1d" />
    <TestEntry testId="256dff88-9e60-983e-ac28-58ec2edd8259" executionId="6072d340-60bf-4b44-987d-fe9c07b00df5" testListId="8c84fa94-04c1-424b-9868-57a2d4851a1d" />
    <TestEntry testId="6d188a2a-a2dd-1f53-87bb-1b4e1087ec5e" executionId="aff62dd2-4573-4fc7-a3dd-48afdecc577a" testListId="8c84fa94-04c1-424b-9868-57a2d4851a1d" />
    <TestEntry testId="4aa7d378-6138-c043-22af-e172baad1636" executionId="0b4c46e0-9ec0-4a6b-ae76-730b96f6294c" testListId="8c84fa94-04c1-424b-9868-57a2d4851a1d" />
    <TestEntry testId="291ca24a-6da6-75eb-6c8c-2f4ed7dcbcbe" executionId="e8a3b993-f1f4-446f-8605-e045ab6a0efb" testListId="8c84fa94-04c1-424b-9868-57a2d4851a1d" />
    <TestEntry testId="004bdf0c-4822-8739-9f60-3ab75df609c5" executionId="f9c107f3-bf03-4f9c-b54f-0d7ad82b73a8" testListId="8c84fa94-04c1-424b-9868-57a2d4851a1d" />
    <TestEntry testId="4a68c9fa-e9f6-eeda-4232-9f805b4df7bb" executionId="33f7f41b-0ffa-4b4c-84bb-6318dbd0aec0" testListId="8c84fa94-04c1-424b-9868-57a2d4851a1d" />
    <TestEntry testId="b7ff0e76-0758-835b-3a6d-3bf325e6e8c8" executionId="a6644b41-e522-47cb-b4c2-3e7c6ef90be2" testListId="8c84fa94-04c1-424b-9868-57a2d4851a1d" />
    <TestEntry testId="9a7dc082-b7dc-69d4-21da-e8d9321b4e49" executionId="19b6d0af-8da1-4d4d-98ae-3192d9f69e0b" testListId="8c84fa94-04c1-424b-9868-57a2d4851a1d" />
    <TestEntry testId="b123f8f9-2cea-e0e6-3ebb-f2e6adc7f660" executionId="b66e608d-64a7-4608-8397-bed90ec0e1a3" testListId="8c84fa94-04c1-424b-9868-57a2d4851a1d" />
    <TestEntry testId="e61daaa1-5ef0-e551-270b-c4b4139216ba" executionId="16a4ca8f-1e4c-4b3d-b8d9-4617acb05c45" testListId="8c84fa94-04c1-424b-9868-57a2d4851a1d" />
    <TestEntry testId="e23a98fd-0a3c-fccc-5873-44b66b8936fc" executionId="4b985734-336a-4d0c-9717-989e6fae92c5" testListId="8c84fa94-04c1-424b-9868-57a2d4851a1d" />
    <TestEntry testId="246833da-0f0e-2476-70ff-b01e099fce19" executionId="4d26f7fd-2c74-4bcc-ad2a-dcc56a0812e9" testListId="8c84fa94-04c1-424b-9868-57a2d4851a1d" />
    <TestEntry testId="759b488c-f4d4-c052-3f4d-2903773e27ca" executionId="b62809a2-b56b-4743-bec0-122eb9e38f3c" testListId="8c84fa94-04c1-424b-9868-57a2d4851a1d" />
    <TestEntry testId="587c3ee2-f391-1cb4-1b6c-4bd281ee4d20" executionId="06bbb560-63dd-4c90-902e-1e818947b880" testListId="8c84fa94-04c1-424b-9868-57a2d4851a1d" />
    <TestEntry testId="f7d87b02-7c89-0009-242b-f1c81bc5d764" executionId="86054cf3-cd49-4a3c-82d2-11742a23471e" testListId="8c84fa94-04c1-424b-9868-57a2d4851a1d" />
    <TestEntry testId="35509626-0e22-d255-d5a6-41d6e6ef150b" executionId="eaaa8702-bf89-4cb7-8e2d-bde77bb3e623" testListId="8c84fa94-04c1-424b-9868-57a2d4851a1d" />
    <TestEntry testId="fffc45f8-a795-f7ab-b76e-a2093f5617ce" executionId="fbbd9406-1306-4bfb-ae50-5f3573f0940a" testListId="8c84fa94-04c1-424b-9868-57a2d4851a1d" />
    <TestEntry testId="7ca86361-f226-e30f-1d22-a0f52568dd56" executionId="bc1c03ab-7385-436a-8467-b2d7170b0bd9" testListId="8c84fa94-04c1-424b-9868-57a2d4851a1d" />
    <TestEntry testId="9f74d062-e540-4312-d797-b265c9110d5d" executionId="56598142-c38b-48f4-b28f-195478de928a" testListId="8c84fa94-04c1-424b-9868-57a2d4851a1d" />
    <TestEntry testId="04a6050f-9a81-fa71-809f-b0be7c694ae7" executionId="e8265889-59d5-4a26-8342-d2d20e696b28" testListId="8c84fa94-04c1-424b-9868-57a2d4851a1d" />
    <TestEntry testId="3fc85d5d-2f9c-699b-0fce-f396b9075cf4" executionId="0547c3f6-5b35-4048-97ae-ea410a6b5434" testListId="8c84fa94-04c1-424b-9868-57a2d4851a1d" />
    <TestEntry testId="bf1b940d-33db-3413-3b7b-f24eb33408ca" executionId="73153d7d-f97b-4a40-b58b-d22f3c596090" testListId="8c84fa94-04c1-424b-9868-57a2d4851a1d" />
    <TestEntry testId="822bf076-a5bd-b95b-d911-4fbe3572f95d" executionId="eb8f2e7e-ae4b-483a-86a3-2873a36fa92d" testListId="8c84fa94-04c1-424b-9868-57a2d4851a1d" />
    <TestEntry testId="46eec9be-fc71-22c3-5b84-9ca58b1ddba9" executionId="5cd54ab8-fa35-4eb3-ad78-fb9abed02078" testListId="8c84fa94-04c1-424b-9868-57a2d4851a1d" />
    <TestEntry testId="41342efc-f8c9-dc4f-2ad8-4e4983338567" executionId="a83bccba-47d8-424f-ac39-b0853ae89940" testListId="8c84fa94-04c1-424b-9868-57a2d4851a1d" />
    <TestEntry testId="374249f7-2483-3ee0-9ae5-ede3eb8e71b8" executionId="95fa3bf7-a4b7-477a-8357-103e239a4261" testListId="8c84fa94-04c1-424b-9868-57a2d4851a1d" />
    <TestEntry testId="9f30dedd-6812-bdea-0dc2-e51acf2885c8" executionId="d9f602f9-052a-402b-b8cc-b1f7943ebd80" testListId="8c84fa94-04c1-424b-9868-57a2d4851a1d" />
    <TestEntry testId="0091586c-6e71-0627-d6db-5524e3aaa0d4" executionId="f967fc81-4360-4b0a-ba7b-0a3084d8a63f" testListId="8c84fa94-04c1-424b-9868-57a2d4851a1d" />
    <TestEntry testId="7535447e-1684-52f8-a536-569b07de1b7a" executionId="29ac8c1e-4316-43b1-b070-4a937c8c24df" testListId="8c84fa94-04c1-424b-9868-57a2d4851a1d" />
    <TestEntry testId="3c8e3519-743f-ce9c-a875-06e8ea167175" executionId="9bb7f960-9f71-4b19-a3b0-d2a7406e260f" testListId="8c84fa94-04c1-424b-9868-57a2d4851a1d" />
    <TestEntry testId="50f42388-b275-2918-3d17-2d62b9575bec" executionId="1356daf6-e2a7-4c84-9b51-7c877138cad4" testListId="8c84fa94-04c1-424b-9868-57a2d4851a1d" />
    <TestEntry testId="88af0597-43a3-0210-5d31-b7e460024e88" executionId="7ab2dfda-293c-458f-b6a7-f4deb8b4bf0d" testListId="8c84fa94-04c1-424b-9868-57a2d4851a1d" />
    <TestEntry testId="3910d5bc-cbd3-1a12-4913-001dc19f3a32" executionId="69dc2f43-122b-426a-ab6e-eb123b732cdc" testListId="8c84fa94-04c1-424b-9868-57a2d4851a1d" />
    <TestEntry testId="ecf423bd-87bc-6783-9af8-1a665b2af0ed" executionId="c1941ab2-ae5f-4812-9353-8d6cec44bc36" testListId="8c84fa94-04c1-424b-9868-57a2d4851a1d" />
    <TestEntry testId="00938afd-e872-dd3a-45f7-a49c44b1617e" executionId="91cd7140-8621-4c5f-af64-7bcd8bd243d3" testListId="8c84fa94-04c1-424b-9868-57a2d4851a1d" />
    <TestEntry testId="6917581a-32ea-b0c8-6bbc-2acc8f07795b" executionId="0fcaa522-1673-4180-a65f-e42b85a78e56" testListId="8c84fa94-04c1-424b-9868-57a2d4851a1d" />
    <TestEntry testId="c2c0db3d-ffe0-b718-8ee3-f2635f34e204" executionId="728d92dd-2c25-4030-a187-617853a69229" testListId="8c84fa94-04c1-424b-9868-57a2d4851a1d" />
    <TestEntry testId="b51ac9a6-47da-ddca-a727-ef0bce3b3206" executionId="49dbea6e-82c1-4cf9-a8f0-c63a317feb39" testListId="8c84fa94-04c1-424b-9868-57a2d4851a1d" />
    <TestEntry testId="c17d20c0-09f6-8de5-3dde-2e1933989045" executionId="c873133e-2706-4b0b-a040-41fe7eaf8b3e" testListId="8c84fa94-04c1-424b-9868-57a2d4851a1d" />
    <TestEntry testId="c0099836-e9b6-003f-350f-efea32bcd238" executionId="51eb9dbf-de85-472f-a2e5-3b497626eefe" testListId="8c84fa94-04c1-424b-9868-57a2d4851a1d" />
    <TestEntry testId="d1736ecf-133e-4fda-9d81-ec29b68936f5" executionId="5a8540fc-c8de-44f0-bc57-57e284adc3c8" testListId="8c84fa94-04c1-424b-9868-57a2d4851a1d" />
    <TestEntry testId="d25c45a8-f8ea-7dda-3232-d51de25799f0" executionId="baa3aa59-1c5c-45d4-82b7-d3c535580dbd" testListId="8c84fa94-04c1-424b-9868-57a2d4851a1d" />
    <TestEntry testId="06a87827-3bb0-a920-a03d-35e44f32f9f4" executionId="a7b9974b-9738-48e9-b69e-cd8ee7a70ba4" testListId="8c84fa94-04c1-424b-9868-57a2d4851a1d" />
    <TestEntry testId="4fd737c9-8588-00d7-1059-4e42c30cbcd3" executionId="100e5fac-73df-4bc6-a268-33d52be7b9b5" testListId="8c84fa94-04c1-424b-9868-57a2d4851a1d" />
    <TestEntry testId="8d5c9a5f-0678-26af-ff2c-89d5cf70be18" executionId="82cc5a66-7cc1-49dc-8f5b-2965868b408c" testListId="8c84fa94-04c1-424b-9868-57a2d4851a1d" />
    <TestEntry testId="bc051563-2dd7-3102-46ad-c86eaeaaadee" executionId="d0a2b1eb-fe1c-4ff7-a5ac-c4b1f87b47fa" testListId="8c84fa94-04c1-424b-9868-57a2d4851a1d" />
    <TestEntry testId="3bdc3510-bdee-539f-0163-ea8341e33c04" executionId="421bcb05-ed57-44d6-9287-24043e861c43" testListId="8c84fa94-04c1-424b-9868-57a2d4851a1d" />
    <TestEntry testId="e7378891-1e51-ac50-4ec6-cc89f5e72c63" executionId="c03999c6-cc6e-44b2-8798-6b84ef870c3d" testListId="8c84fa94-04c1-424b-9868-57a2d4851a1d" />
    <TestEntry testId="a1635ca1-9831-cdbc-ad3d-cb964902ca0a" executionId="9be0fb52-16fd-48b3-a7f2-324c93ffe942" testListId="8c84fa94-04c1-424b-9868-57a2d4851a1d" />
    <TestEntry testId="7de72bff-9d00-26c6-7bdd-217ecff56419" executionId="613c73dd-63a9-4f46-b2d4-4e817bda0f71" testListId="8c84fa94-04c1-424b-9868-57a2d4851a1d" />
    <TestEntry testId="69387dd5-a77b-76e8-cc73-80c031e3dcf9" executionId="86d8b163-5b10-43e0-9e93-1c57e478b89f" testListId="8c84fa94-04c1-424b-9868-57a2d4851a1d" />
    <TestEntry testId="f79c4672-838e-630a-7119-fafbfe30acb6" executionId="31364e29-eef9-4a81-8425-adc2a8e1dd8c" testListId="8c84fa94-04c1-424b-9868-57a2d4851a1d" />
    <TestEntry testId="074a1444-4fc1-f762-a61b-3143c53023cb" executionId="a49208e5-9a9e-4366-a07d-5586fb2e59ef" testListId="8c84fa94-04c1-424b-9868-57a2d4851a1d" />
    <TestEntry testId="00a95b6c-adda-cdb3-a5e3-81313a4cc6a1" executionId="c4e6f659-36b0-4728-a633-4f28d2dde59e" testListId="8c84fa94-04c1-424b-9868-57a2d4851a1d" />
    <TestEntry testId="9fa5cabc-d72d-7131-3540-816c4c2ea358" executionId="289f8840-f832-49c5-a84c-5520e1179352" testListId="8c84fa94-04c1-424b-9868-57a2d4851a1d" />
    <TestEntry testId="4b84d01a-89b6-5657-9ff5-7be912d07c18" executionId="478713e3-e736-44ce-85e3-05ed3821a491" testListId="8c84fa94-04c1-424b-9868-57a2d4851a1d" />
    <TestEntry testId="d5a9dcaa-20cc-fbf5-b76a-e57aeab96875" executionId="15302bca-68e7-49d5-ad2e-96dd7ec4a3b1" testListId="8c84fa94-04c1-424b-9868-57a2d4851a1d" />
    <TestEntry testId="ad08ad5c-d4d3-a925-d2d8-80404e8149dc" executionId="32562e01-460a-4398-a23d-045a5950671e" testListId="8c84fa94-04c1-424b-9868-57a2d4851a1d" />
    <TestEntry testId="b2241b9d-b06b-5ff5-1270-35de0e2a89da" executionId="3fb84920-5bba-4f73-9d02-15247fd3f5fd" testListId="8c84fa94-04c1-424b-9868-57a2d4851a1d" />
    <TestEntry testId="3014ec6f-b0c2-693c-9a2d-aac1476fd64a" executionId="9331f229-ba14-45d5-bf40-b40afe725a28" testListId="8c84fa94-04c1-424b-9868-57a2d4851a1d" />
    <TestEntry testId="037933ea-f650-4e8a-c320-d9029d4006bc" executionId="5b21d342-9775-4911-bd3b-2fedf9a211ba" testListId="8c84fa94-04c1-424b-9868-57a2d4851a1d" />
    <TestEntry testId="f8e80e8e-fcfc-b75a-1505-d9189b0a41d8" executionId="6963459c-d543-41ec-987a-9dab1d586f30" testListId="8c84fa94-04c1-424b-9868-57a2d4851a1d" />
    <TestEntry testId="5ef2699b-89b5-ed3d-b65f-9f0e457d391e" executionId="17e0caa3-b4ff-4f76-8d5f-6e97038eb167" testListId="8c84fa94-04c1-424b-9868-57a2d4851a1d" />
    <TestEntry testId="3884f411-75d9-f3fe-33bc-34941c876da2" executionId="90059eae-bcd0-4178-bcd5-f632f096c5b4" testListId="8c84fa94-04c1-424b-9868-57a2d4851a1d" />
    <TestEntry testId="3c25c66e-3a32-9f53-b547-430187b921c7" executionId="7b6a8590-fc18-4be4-8ddd-8260f4d00e73" testListId="8c84fa94-04c1-424b-9868-57a2d4851a1d" />
    <TestEntry testId="7e9379c3-6ddc-efd5-9d81-32b8a4c7b149" executionId="cbe4c02f-6e2d-440f-85cd-21e9f9422b16" testListId="8c84fa94-04c1-424b-9868-57a2d4851a1d" />
    <TestEntry testId="2cb432ec-90f2-d5ca-67bc-fd646f84eb73" executionId="be44d2c5-f83e-4421-8a38-8b6804e4cb51" testListId="8c84fa94-04c1-424b-9868-57a2d4851a1d" />
  </TestEntries>
  <TestLists>
    <TestList name="Results Not in a List" id="8c84fa94-04c1-424b-9868-57a2d4851a1d" />
    <TestList name="All Loaded Results" id="19431567-8539-422a-85d7-44ee4e166bda" />
  </TestLists>
  <ResultSummary outcome="Completed">
    <Counters total="114" executed="114" passed="114" failed="0" error="0" timeout="0" aborted="0" inconclusive="0" passedButRunAborted="0" notRunnable="0" notExecuted="0" disconnected="0" warning="0" completed="0" inProgress="0" pending="0" />
    <Output>
      <StdOut>[xUnit.net 00:00:00.00] xUnit.net VSTest Adapter v3.1.5+1b188a7b0a (64-bit .NET 10.0.10)&#xD;
[xUnit.net 00:00:01.02]   Discovering: Blocks.SystemService.Tests&#xD;
[xUnit.net 00:00:01.17]   Discovered:  Blocks.SystemService.Tests&#xD;
[xUnit.net 00:00:01.26]   Starting:    Blocks.SystemService.Tests&#xD;
[xUnit.net 00:00:07.08]   Finished:    Blocks.SystemService.Tests&#xD;
</StdOut>
    </Output>
  </ResultSummary>
</TestRun>